"../../../Engine/Content/EditorResources/S_Actor.ubulk" 0
"../../../Engine/Content/EditorResources/S_Actor.uasset" 1
"../../../Engine/Content/EditorResources/S_Actor.uexp" 2
"../../../Engine/Content/EditorResources/S_BoxReflectionCapture.uasset" 3
"../../../Engine/Content/EditorResources/S_BoxReflectionCapture.uexp" 4
"../../../Engine/Content/EngineResources/DefaultTexture.ubulk" 5
"../../../Engine/Content/EngineResources/DefaultTexture.uasset" 6
"../../../Engine/Content/EngineResources/DefaultTexture.uexp" 7
"../../../Engine/Content/EngineResources/DefaultTextureCube.uasset" 8
"../../../Engine/Content/EngineResources/DefaultTextureCube.uexp" 9
"../../../Engine/Content/EngineResources/DefaultVolumeTexture2D.uasset" 10
"../../../Engine/Content/EngineResources/DefaultVolumeTexture2D.uexp" 11
"../../../Engine/Content/EngineResources/DefaultVolumeTexture.uasset" 12
"../../../Engine/Content/EngineResources/DefaultVolumeTexture.uexp" 13
"../../../Engine/Content/EditorResources/S_Trigger.ubulk" 14
"../../../Engine/Content/EditorResources/S_Trigger.uasset" 15
"../../../Engine/Content/EditorResources/S_Trigger.uexp" 16
"../../../Engine/Content/EditorResources/S_TriggerBox.uasset" 17
"../../../Engine/Content/EditorResources/S_TriggerBox.uexp" 18
"../../../Engine/Content/EditorResources/S_TriggerCapsule.uasset" 19
"../../../Engine/Content/EditorResources/S_TriggerCapsule.uexp" 20
"../../../Engine/Content/EditorResources/S_TriggerSphere.uasset" 21
"../../../Engine/Content/EditorResources/S_TriggerSphere.uexp" 22
"../../../Engine/Content/EngineMeshes/Sphere.ubulk" 23
"../../../Engine/Content/EngineMeshes/Sphere.uasset" 24
"../../../Engine/Content/EngineMeshes/Sphere.uexp" 25
"../../../Engine/Content/EngineResources/GradientTexture0.uasset" 26
"../../../Engine/Content/EngineResources/GradientTexture0.uexp" 27
"../../../Engine/Content/EngineResources/Black.uasset" 28
"../../../Engine/Content/EngineResources/Black.uexp" 29
"../../../Engine/Content/VREditor/LaserPointer/VR_LaserPower_01.ubulk" 30
"../../../Engine/Content/VREditor/LaserPointer/VR_LaserPower_01.uasset" 31
"../../../Engine/Content/VREditor/LaserPointer/VR_LaserPower_01.uexp" 32
"../../../Engine/Content/VREditor/TransformGizmo/TransformGizmoMaterial.uasset" 33
"../../../Engine/Content/VREditor/TransformGizmo/TransformGizmoMaterial.uexp" 34
"../../../Engine/Content/VREditor/TransformGizmo/TranslucentTransformGizmoMaterial.uasset" 35
"../../../Engine/Content/VREditor/TransformGizmo/TranslucentTransformGizmoMaterial.uexp" 36
"../../../Engine/Content/VREditor/TransformGizmo/PlaneTranslationHandle.ubulk" 37
"../../../Engine/Content/VREditor/TransformGizmo/PlaneTranslationHandle.uasset" 38
"../../../Engine/Content/VREditor/TransformGizmo/PlaneTranslationHandle.uexp" 39
"../../../Engine/Content/VREditor/TransformGizmo/BoundingBoxCorner.ubulk" 40
"../../../Engine/Content/VREditor/TransformGizmo/BoundingBoxCorner.uasset" 41
"../../../Engine/Content/VREditor/TransformGizmo/BoundingBoxCorner.uexp" 42
"../../../Engine/Content/VREditor/TransformGizmo/BoundingBoxEdge.ubulk" 43
"../../../Engine/Content/VREditor/TransformGizmo/BoundingBoxEdge.uasset" 44
"../../../Engine/Content/VREditor/TransformGizmo/BoundingBoxEdge.uexp" 45
"../../../Engine/Content/VREditor/TransformGizmo/Main.uasset" 46
"../../../Engine/Content/VREditor/TransformGizmo/Main.uexp" 47
"../../../Engine/Content/VREditor/TransformGizmo/Xray.uasset" 48
"../../../Engine/Content/VREditor/TransformGizmo/Xray.uexp" 49
"../../../Engine/Content/VREditor/TransformGizmo/SM_Sequencer_Node.ubulk" 50
"../../../Engine/Content/VREditor/TransformGizmo/SM_Sequencer_Node.uasset" 51
"../../../Engine/Content/VREditor/TransformGizmo/SM_Sequencer_Node.uexp" 52
"../../../Engine/Content/EditorMaterials/Camera/CineMat.uasset" 53
"../../../Engine/Content/EditorMaterials/Camera/CineMat.uexp" 54
"../../../Engine/Content/EditorMaterials/Camera/MI_CineMat_Rig.uasset" 55
"../../../Engine/Content/EditorMaterials/Camera/MI_CineMat_Rig.uexp" 56
"../../../Engine/Content/EditorMeshes/Camera/SM_CraneRig_Base.ubulk" 57
"../../../Engine/Content/EditorMeshes/Camera/SM_CraneRig_Base.uasset" 58
"../../../Engine/Content/EditorMeshes/Camera/SM_CraneRig_Base.uexp" 59
"../../../Engine/Content/EditorMeshes/Camera/SM_CraneRig_Arm.ubulk" 60
"../../../Engine/Content/EditorMeshes/Camera/SM_CraneRig_Arm.uasset" 61
"../../../Engine/Content/EditorMeshes/Camera/SM_CraneRig_Arm.uexp" 62
"../../../Engine/Content/EditorMeshes/Camera/SM_CraneRig_Mount.ubulk" 63
"../../../Engine/Content/EditorMeshes/Camera/SM_CraneRig_Mount.uasset" 64
"../../../Engine/Content/EditorMeshes/Camera/SM_CraneRig_Mount.uexp" 65
"../../../Engine/Content/EditorMeshes/Camera/SM_CraneRig_Body.ubulk" 66
"../../../Engine/Content/EditorMeshes/Camera/SM_CraneRig_Body.uasset" 67
"../../../Engine/Content/EditorMeshes/Camera/SM_CraneRig_Body.uexp" 68
"../../../Engine/Content/EditorMeshes/Camera/SM_RailRig_Track.ubulk" 69
"../../../Engine/Content/EditorMeshes/Camera/SM_RailRig_Track.uasset" 70
"../../../Engine/Content/EditorMeshes/Camera/SM_RailRig_Track.uexp" 71
"../../../Engine/Content/EditorMeshes/Camera/SM_RailRig_Mount.ubulk" 72
"../../../Engine/Content/EditorMeshes/Camera/SM_RailRig_Mount.uasset" 73
"../../../Engine/Content/EditorMeshes/Camera/SM_RailRig_Mount.uexp" 74
"../../../Engine/Content/EngineMaterials/T_Default_Material_Grid_M.ubulk" 75
"../../../Engine/Content/EngineMaterials/T_Default_Material_Grid_M.uasset" 76
"../../../Engine/Content/EngineMaterials/T_Default_Material_Grid_M.uexp" 77
"../../../Engine/Content/EngineMaterials/T_Default_Material_Grid_N.ubulk" 78
"../../../Engine/Content/EngineMaterials/T_Default_Material_Grid_N.uasset" 79
"../../../Engine/Content/EngineMaterials/T_Default_Material_Grid_N.uexp" 80
"../../../Engine/Content/Functions/Engine_MaterialFunctions01/Opacity/CameraDepthFade.uasset" 81
"../../../Engine/Content/Functions/Engine_MaterialFunctions01/Opacity/CameraDepthFade.uexp" 82
"../../../Engine/Content/EngineMaterials/WorldGridMaterial.uasset" 83
"../../../Engine/Content/EngineMaterials/WorldGridMaterial.uexp" 84
"../../../Engine/Content/ArtTools/RenderToTexture/Meshes/S_1_Unit_Plane.ubulk" 85
"../../../Engine/Content/ArtTools/RenderToTexture/Meshes/S_1_Unit_Plane.uasset" 86
"../../../Engine/Content/ArtTools/RenderToTexture/Meshes/S_1_Unit_Plane.uexp" 87
"../../../Engine/Content/EditorMaterials/ParticleSystems/PSysThumbnail_NoImage.ubulk" 88
"../../../Engine/Content/EditorMaterials/ParticleSystems/PSysThumbnail_NoImage.uasset" 89
"../../../Engine/Content/EditorMaterials/ParticleSystems/PSysThumbnail_NoImage.uexp" 90
"../../../Engine/Content/EditorMaterials/ParticleSystems/PSysThumbnail_OOD.ubulk" 91
"../../../Engine/Content/EditorMaterials/ParticleSystems/PSysThumbnail_OOD.uasset" 92
"../../../Engine/Content/EditorMaterials/ParticleSystems/PSysThumbnail_OOD.uexp" 93
"../../../Engine/Content/EditorLandscapeResources/SplineEditorMeshMat.uasset" 94
"../../../Engine/Content/EditorLandscapeResources/SplineEditorMeshMat.uexp" 95
"../../../Engine/Content/EditorLandscapeResources/SplineEditorMesh.ubulk" 96
"../../../Engine/Content/EditorLandscapeResources/SplineEditorMesh.uasset" 97
"../../../Engine/Content/EditorLandscapeResources/SplineEditorMesh.uexp" 98
"../../../Engine/Content/EditorMeshes/EditorSphere.ubulk" 99
"../../../Engine/Content/EditorMeshes/EditorSphere.uasset" 100
"../../../Engine/Content/EditorMeshes/EditorSphere.uexp" 101
"../../../Engine/Content/EditorResources/S_Solver.ubulk" 102
"../../../Engine/Content/EditorResources/S_Solver.uasset" 103
"../../../Engine/Content/EditorResources/S_Solver.uexp" 104
"../../../Engine/Plugins/Media/MediaPlate/Content/SM_MediaPlateScreen.ubulk" 105
"../../../Engine/Plugins/Media/MediaPlate/Content/SM_MediaPlateScreen.uasset" 106
"../../../Engine/Plugins/Media/MediaPlate/Content/SM_MediaPlateScreen.uexp" 107
"../../../Engine/Content/EngineMaterials/Good64x64TilingNoiseHighFreq.uasset" 108
"../../../Engine/Content/EngineMaterials/Good64x64TilingNoiseHighFreq.uexp" 109
"../../../Engine/Content/EngineMaterials/DefaultBokeh.uasset" 110
"../../../Engine/Content/EngineMaterials/DefaultBokeh.uexp" 111
"../../../Engine/Content/EngineMaterials/PreintegratedSkinBRDF.uasset" 112
"../../../Engine/Content/EngineMaterials/PreintegratedSkinBRDF.uexp" 113
"../../../Engine/Content/EngineMaterials/MiniFont.uasset" 114
"../../../Engine/Content/EngineMaterials/MiniFont.uexp" 115
"../../../Engine/Content/EngineMaterials/WeightMapPlaceholderTexture.uasset" 116
"../../../Engine/Content/EngineMaterials/WeightMapPlaceholderTexture.uexp" 117
"../../../Engine/Content/EngineMaterials/DefaultWhiteGrid.ubulk" 118
"../../../Engine/Content/EngineMaterials/DefaultWhiteGrid.uasset" 119
"../../../Engine/Content/EngineMaterials/DefaultWhiteGrid.uexp" 120
"../../../Engine/Content/Animation/DefaultRecorderBoneCompression.uasset" 121
"../../../Engine/Content/Animation/DefaultRecorderBoneCompression.uexp" 122
"../../../Engine/Content/Animation/DefaultAnimCurveCompressionSettings.uasset" 123
"../../../Engine/Content/Animation/DefaultAnimCurveCompressionSettings.uexp" 124
"../../../Engine/Content/Animation/DefaultAnimBoneCompressionSettings.uasset" 125
"../../../Engine/Content/Animation/DefaultAnimBoneCompressionSettings.uexp" 126
"../../../Engine/Content/EngineMaterials/DefaultMaterial.uasset" 127
"../../../Engine/Content/EngineMaterials/DefaultMaterial.uexp" 128
"../../../Engine/Content/BasicShapes/Sphere.ubulk" 129
"../../../Engine/Content/BasicShapes/Sphere.uasset" 130
"../../../Engine/Content/BasicShapes/Sphere.uexp" 131
"../../../Engine/Content/BasicShapes/Cylinder.ubulk" 132
"../../../Engine/Content/BasicShapes/Cylinder.uasset" 133
"../../../Engine/Content/BasicShapes/Cylinder.uexp" 134
"../../../Engine/Content/BasicShapes/Cube.ubulk" 135
"../../../Engine/Content/BasicShapes/Cube.uasset" 136
"../../../Engine/Content/BasicShapes/Cube.uexp" 137
"../../../Engine/Content/BasicShapes/Cone.ubulk" 138
"../../../Engine/Content/BasicShapes/Cone.uasset" 139
"../../../Engine/Content/BasicShapes/Cone.uexp" 140
"../../../Engine/Content/EditorLandscapeResources/DefaultAlphaTexture.uasset" 141
"../../../Engine/Content/EditorLandscapeResources/DefaultAlphaTexture.uexp" 142
"../../../Engine/Content/EditorLandscapeResources/DataLayer.uasset" 143
"../../../Engine/Content/EditorLandscapeResources/DataLayer.uexp" 144
"../../../Engine/Content/EditorMaterials/PreviewShadowIndicator.ubulk" 145
"../../../Engine/Content/EditorMaterials/PreviewShadowIndicator.uasset" 146
"../../../Engine/Content/EditorMaterials/PreviewShadowIndicator.uexp" 147
"../../../Engine/Content/EditorMaterials/PreviewShadowIndicatorMaterial.uasset" 148
"../../../Engine/Content/EditorMaterials/PreviewShadowIndicatorMaterial.uexp" 149
"../../../Engine/Content/EditorMaterials/PhAT_UnselectedMaterial.uasset" 150
"../../../Engine/Content/EditorMaterials/PhAT_UnselectedMaterial.uexp" 151
"../../../Engine/Content/EditorMaterials/PhAT_NoCollisionMaterial.uasset" 152
"../../../Engine/Content/EditorMaterials/PhAT_NoCollisionMaterial.uexp" 153
"../../../Engine/Content/Functions/Engine_MaterialFunctions02/Utility/MakeFloat4.uasset" 154
"../../../Engine/Content/Functions/Engine_MaterialFunctions02/Utility/MakeFloat4.uexp" 155
"../../../Engine/Content/Functions/Engine_MaterialFunctions02/Utility/MakeFloat3.uasset" 156
"../../../Engine/Content/Functions/Engine_MaterialFunctions02/Utility/MakeFloat3.uexp" 157
"../../../Engine/Content/Functions/Engine_MaterialFunctions02/Utility/BreakOutFloat3Components.uasset" 158
"../../../Engine/Content/Functions/Engine_MaterialFunctions02/Utility/BreakOutFloat3Components.uexp" 159
"../../../Engine/Content/EditorMaterials/WorldPartition/WorldPartitionSpatialHashGridPreviewMaterial.uasset" 160
"../../../Engine/Content/EditorMaterials/WorldPartition/WorldPartitionSpatialHashGridPreviewMaterial.uexp" 161
"../../../Engine/Content/EditorResources/S_Terrain.ubulk" 162
"../../../Engine/Content/EditorResources/S_Terrain.uasset" 163
"../../../Engine/Content/EditorResources/S_Terrain.uexp" 164
"../../../Engine/Content/EditorResources/BSPVertex.uasset" 165
"../../../Engine/Content/EditorResources/BSPVertex.uexp" 166
"../../../Engine/Content/EditorResources/SequenceRecorder/RecordingIndicator.uasset" 167
"../../../Engine/Content/EditorResources/SequenceRecorder/RecordingIndicator.uexp" 168
"../../../Engine/Content/EditorResources/SequenceRecorder/Countdown.uasset" 169
"../../../Engine/Content/EditorResources/SequenceRecorder/Countdown.uexp" 170
"../../../Engine/Content/EngineDamageTypes/DmgTypeBP_Environmental.uasset" 171
"../../../Engine/Content/EngineDamageTypes/DmgTypeBP_Environmental.uexp" 172
"../../../Engine/Content/Functions/Engine_MaterialFunctions02/Utility/CameraDirectionVector.uasset" 173
"../../../Engine/Content/Functions/Engine_MaterialFunctions02/Utility/CameraDirectionVector.uexp" 174
"../../../Engine/Content/EngineDebugMaterials/VolumeToRender.uasset" 175
"../../../Engine/Content/EngineDebugMaterials/VolumeToRender.uexp" 176
"../../../Engine/Content/EngineDebugMaterials/M_VolumeRenderSphereTracePP.uasset" 177
"../../../Engine/Content/EngineDebugMaterials/M_VolumeRenderSphereTracePP.uexp" 178
"../../../Engine/Content/EngineDebugMaterials/M_SimpleUnlitTranslucent.uasset" 179
"../../../Engine/Content/EngineDebugMaterials/M_SimpleUnlitTranslucent.uexp" 180
"../../../Engine/Content/EngineDebugMaterials/DebugMeshMaterial.uasset" 181
"../../../Engine/Content/EngineDebugMaterials/DebugMeshMaterial.uexp" 182
"../../../Engine/Content/EngineDebugMaterials/DebugEditorMaterial.uasset" 183
"../../../Engine/Content/EngineDebugMaterials/DebugEditorMaterial.uexp" 184
"../../../Engine/Content/EngineFonts/Faces/RobotoLight.uexp" 185
"../../../Engine/Content/EngineFonts/Faces/RobotoLight.uasset" 186
"../../../Engine/Content/EngineFonts/Faces/RobotoLight.ufont" 187
"../../../Engine/Content/EngineFonts/Faces/RobotoBold.uexp" 188
"../../../Engine/Content/EngineFonts/Faces/RobotoBold.uasset" 189
"../../../Engine/Content/EngineFonts/Faces/RobotoBold.ufont" 190
"../../../Engine/Content/EngineFonts/Faces/RobotoRegular.uexp" 191
"../../../Engine/Content/EngineFonts/Faces/RobotoRegular.uasset" 192
"../../../Engine/Content/EngineFonts/Faces/RobotoRegular.ufont" 193
"../../../Engine/Content/EngineFonts/Faces/DroidSansFallback.uexp" 194
"../../../Engine/Content/EngineFonts/Faces/DroidSansFallback.uasset" 195
"../../../Engine/Content/EngineFonts/Faces/DroidSansFallback.ufont" 196
"../../../Engine/Content/EngineFonts/Faces/RobotoItalic.uexp" 197
"../../../Engine/Content/EngineFonts/Faces/RobotoItalic.uasset" 198
"../../../Engine/Content/EngineFonts/Faces/RobotoItalic.ufont" 199
"../../../Engine/Content/EngineFonts/Faces/RobotoBoldItalic.uexp" 200
"../../../Engine/Content/EngineFonts/Faces/RobotoBoldItalic.uasset" 201
"../../../Engine/Content/EngineFonts/Faces/RobotoBoldItalic.ufont" 202
"../../../Engine/Content/EngineFonts/Roboto.uasset" 203
"../../../Engine/Content/EngineFonts/Roboto.uexp" 204
"../../../Engine/Content/EngineResources/WhiteSquareTexture.uasset" 205
"../../../Engine/Content/EngineResources/WhiteSquareTexture.uexp" 206
"../../../Engine/Content/EngineMaterials/Widget3DPassThrough.uasset" 207
"../../../Engine/Content/EngineMaterials/Widget3DPassThrough.uexp" 208
"../../../Engine/Content/EngineMaterials/Widget3DPassThrough_Translucent.uasset" 209
"../../../Engine/Content/EngineMaterials/Widget3DPassThrough_Translucent.uexp" 210
"../../../Engine/Content/EngineMaterials/Widget3DPassThrough_Translucent_OneSided.uasset" 211
"../../../Engine/Content/EngineMaterials/Widget3DPassThrough_Translucent_OneSided.uexp" 212
"../../../Engine/Content/EngineMaterials/Widget3DPassThrough_Opaque.uasset" 213
"../../../Engine/Content/EngineMaterials/Widget3DPassThrough_Opaque.uexp" 214
"../../../Engine/Content/EngineMaterials/Widget3DPassThrough_Opaque_OneSided.uasset" 215
"../../../Engine/Content/EngineMaterials/Widget3DPassThrough_Opaque_OneSided.uexp" 216
"../../../Engine/Content/EngineMaterials/Widget3DPassThrough_Masked_OneSided.uasset" 217
"../../../Engine/Content/EngineMaterials/Widget3DPassThrough_Masked_OneSided.uexp" 218
"../../../Engine/Content/EngineMaterials/Widget3DPassThrough_Masked.uasset" 219
"../../../Engine/Content/EngineMaterials/Widget3DPassThrough_Masked.uexp" 220
"../../../Engine/Content/EngineMaterials/STBlueNoise_vec2_128x128x64.uasset" 221
"../../../Engine/Content/EngineMaterials/STBlueNoise_vec2_128x128x64.uexp" 222
"../../../Engine/Content/EngineMaterials/STBlueNoise_scalar_128x128x64.uasset" 223
"../../../Engine/Content/EngineMaterials/STBlueNoise_scalar_128x128x64.uexp" 224
"../../../Engine/Content/EngineMaterials/RemoveSurfaceMaterial.uasset" 225
"../../../Engine/Content/EngineMaterials/RemoveSurfaceMaterial.uexp" 226
"../../../Engine/Content/EngineMaterials/DefaultCalibrationGrayscale.uasset" 227
"../../../Engine/Content/EngineMaterials/DefaultCalibrationGrayscale.uexp" 228
"../../../Engine/Content/EngineMaterials/PPM_DefaultCalibrationGrayscale.uasset" 229
"../../../Engine/Content/EngineMaterials/PPM_DefaultCalibrationGrayscale.uexp" 230
"../../../Engine/Content/EngineMaterials/DefaultCalibrationColor.uasset" 231
"../../../Engine/Content/EngineMaterials/DefaultCalibrationColor.uexp" 232
"../../../Engine/Content/EngineMaterials/PPM_DefaultCalibrationColor.uasset" 233
"../../../Engine/Content/EngineMaterials/PPM_DefaultCalibrationColor.uexp" 234
"../../../Engine/Content/Functions/Engine_MaterialFunctions02/WorldPositionOffset/CameraOffset.uasset" 235
"../../../Engine/Content/Functions/Engine_MaterialFunctions02/WorldPositionOffset/CameraOffset.uexp" 236
"../../../Engine/Content/EngineMaterials/PhAT_JointLimitMaterial.uasset" 237
"../../../Engine/Content/EngineMaterials/PhAT_JointLimitMaterial.uexp" 238
"../../../Engine/Content/EngineMaterials/InvalidLightmapSettings.ubulk" 239
"../../../Engine/Content/EngineMaterials/InvalidLightmapSettings.uasset" 240
"../../../Engine/Content/EngineMaterials/InvalidLightmapSettings.uexp" 241
"../../../Engine/Content/EngineMaterials/M_InvalidLightmapSettings.uasset" 242
"../../../Engine/Content/EngineMaterials/M_InvalidLightmapSettings.uexp" 243
"../../../Engine/Content/EngineMaterials/GizmoMaterial.uasset" 244
"../../../Engine/Content/EngineMaterials/GizmoMaterial.uexp" 245
"../../../Engine/Content/EngineMaterials/BaseFlattenEmissiveMap_VT.uasset" 246
"../../../Engine/Content/EngineMaterials/BaseFlattenEmissiveMap_VT.uexp" 247
"../../../Engine/Content/EngineMaterials/BaseFlattenGrayscaleMap_VT.uasset" 248
"../../../Engine/Content/EngineMaterials/BaseFlattenGrayscaleMap_VT.uexp" 249
"../../../Engine/Content/EngineMaterials/BaseFlattenLinearColor_VT.uasset" 250
"../../../Engine/Content/EngineMaterials/BaseFlattenLinearColor_VT.uexp" 251
"../../../Engine/Content/EngineMaterials/Black_1x1_EXR_Texture_VT.uasset" 252
"../../../Engine/Content/EngineMaterials/Black_1x1_EXR_Texture_VT.uexp" 253
"../../../Engine/Content/EngineMaterials/BaseFlattenDiffuseMap_VT.uasset" 254
"../../../Engine/Content/EngineMaterials/BaseFlattenDiffuseMap_VT.uexp" 255
"../../../Engine/Content/EngineMaterials/BaseFlattenNormalMap_VT.uasset" 256
"../../../Engine/Content/EngineMaterials/BaseFlattenNormalMap_VT.uexp" 257
"../../../Engine/Content/EngineMaterials/FlattenMaterial_WS_Normal_VT.uasset" 258
"../../../Engine/Content/EngineMaterials/FlattenMaterial_WS_Normal_VT.uexp" 259
"../../../Engine/Content/EngineMaterials/FlattenMaterial_VT.uasset" 260
"../../../Engine/Content/EngineMaterials/FlattenMaterial_VT.uexp" 261
"../../../Engine/Content/EngineMaterials/BaseFlattenNormalMap.uasset" 262
"../../../Engine/Content/EngineMaterials/BaseFlattenNormalMap.uexp" 263
"../../../Engine/Content/EngineMaterials/BaseFlattenGrayscaleMap.uasset" 264
"../../../Engine/Content/EngineMaterials/BaseFlattenGrayscaleMap.uexp" 265
"../../../Engine/Content/EngineMaterials/BaseFlattenDiffuseMap.uasset" 266
"../../../Engine/Content/EngineMaterials/BaseFlattenDiffuseMap.uexp" 267
"../../../Engine/Content/Functions/Engine_MaterialFunctions02/PivotPainter2/Black_1x1_EXR_Texture.uasset" 268
"../../../Engine/Content/Functions/Engine_MaterialFunctions02/PivotPainter2/Black_1x1_EXR_Texture.uexp" 269
"../../../Engine/Content/EngineMaterials/BaseFlattenEmissiveMap.uasset" 270
"../../../Engine/Content/EngineMaterials/BaseFlattenEmissiveMap.uexp" 271
"../../../Engine/Content/EngineMaterials/BaseFlattenLinearColor.uasset" 272
"../../../Engine/Content/EngineMaterials/BaseFlattenLinearColor.uexp" 273
"../../../Engine/Content/EngineMaterials/FlattenMaterial.uasset" 274
"../../../Engine/Content/EngineMaterials/FlattenMaterial.uexp" 275
"../../../Engine/Content/EngineMaterials/DefaultWhiteGrid_Low.uasset" 276
"../../../Engine/Content/EngineMaterials/DefaultWhiteGrid_Low.uexp" 277
"../../../Engine/Content/EngineMaterials/EmissiveMeshMaterial.uasset" 278
"../../../Engine/Content/EngineMaterials/EmissiveMeshMaterial.uexp" 279
"../../../Engine/Content/EngineFonts/RobotoDistanceField.uasset" 280
"../../../Engine/Content/EngineFonts/RobotoDistanceField.uexp" 281
"../../../Engine/Content/EngineMaterials/DefaultTextMaterialOpaque.uasset" 282
"../../../Engine/Content/EngineMaterials/DefaultTextMaterialOpaque.uexp" 283
"../../../Engine/Content/EngineMaterials/DefaultDiffuse.ubulk" 284
"../../../Engine/Content/EngineMaterials/DefaultDiffuse.uasset" 285
"../../../Engine/Content/EngineMaterials/DefaultDiffuse.uexp" 286
"../../../Engine/Content/Functions/Engine_MaterialFunctions02/Utility/BreakOutFloat2Components.uasset" 287
"../../../Engine/Content/Functions/Engine_MaterialFunctions02/Utility/BreakOutFloat2Components.uexp" 288
"../../../Engine/Content/EngineMaterials/DefaultPostProcessMaterial.uasset" 289
"../../../Engine/Content/EngineMaterials/DefaultPostProcessMaterial.uexp" 290
"../../../Engine/Content/EngineMaterials/DefaultPhysicalMaterial.uasset" 291
"../../../Engine/Content/EngineMaterials/DefaultPhysicalMaterial.uexp" 292
"../../../Engine/Content/EngineMaterials/DefaultLightFunctionMaterial.uasset" 293
"../../../Engine/Content/EngineMaterials/DefaultLightFunctionMaterial.uexp" 294
"../../../Engine/Content/EngineMaterials/DefaultDestructiblePhysicalMaterial.uasset" 295
"../../../Engine/Content/EngineMaterials/DefaultDestructiblePhysicalMaterial.uexp" 296
"../../../Engine/Content/EngineMaterials/DefaultDeferredDecalMaterial.uasset" 297
"../../../Engine/Content/EngineMaterials/DefaultDeferredDecalMaterial.uexp" 298
"../../../Engine/Content/EngineMaterials/DefaultBloomKernel.uasset" 299
"../../../Engine/Content/EngineMaterials/DefaultBloomKernel.uexp" 300
"../../../Engine/Content/EngineResources/FilmGrains/Marcie_Grain_v3_128_M2_000.uasset" 301
"../../../Engine/Content/EngineResources/FilmGrains/Marcie_Grain_v3_128_M2_000.uexp" 302
"../../../Engine/Content/EngineSky/VolumetricClouds/CloudWeatherTexture.uasset" 303
"../../../Engine/Content/EngineSky/VolumetricClouds/CloudWeatherTexture.uexp" 304
"../../../Engine/Content/Functions/Engine_MaterialFunctions02/Utility/MakeFloat2.uasset" 305
"../../../Engine/Content/Functions/Engine_MaterialFunctions02/Utility/MakeFloat2.uexp" 306
"../../../Engine/Content/EngineSky/VolumetricClouds/CloudGradientTexture.uasset" 307
"../../../Engine/Content/EngineSky/VolumetricClouds/CloudGradientTexture.uexp" 308
"../../../Engine/Content/EngineSky/VolumetricClouds/T_NoiseShape64.ubulk" 309
"../../../Engine/Content/EngineSky/VolumetricClouds/T_NoiseShape64.uasset" 310
"../../../Engine/Content/EngineSky/VolumetricClouds/T_NoiseShape64.uexp" 311
"../../../Engine/Content/EngineSky/VolumetricClouds/T_VolumeNoiseShape64.uasset" 312
"../../../Engine/Content/EngineSky/VolumetricClouds/T_VolumeNoiseShape64.uexp" 313
"../../../Engine/Content/EngineSky/VolumetricClouds/T_NoiseErosion.ubulk" 314
"../../../Engine/Content/EngineSky/VolumetricClouds/T_NoiseErosion.uasset" 315
"../../../Engine/Content/EngineSky/VolumetricClouds/T_NoiseErosion.uexp" 316
"../../../Engine/Content/EngineSky/VolumetricClouds/T_VolumeNoiseErosion32.uasset" 317
"../../../Engine/Content/EngineSky/VolumetricClouds/T_VolumeNoiseErosion32.uexp" 318
"../../../Engine/Content/EngineSky/VolumetricClouds/m_SimpleVolumetricCloud.uasset" 319
"../../../Engine/Content/EngineSky/VolumetricClouds/m_SimpleVolumetricCloud.uexp" 320
"../../../Engine/Content/EngineSky/VolumetricClouds/m_SimpleVolumetricCloud_Inst.uasset" 321
"../../../Engine/Content/EngineSky/VolumetricClouds/m_SimpleVolumetricCloud_Inst.uexp" 322
"../../../Engine/Content/EngineSounds/Master.uasset" 323
"../../../Engine/Content/EngineSounds/Master.uexp" 324
"../../../Engine/Content/Functions/Engine_MaterialFunctions01/Shading/PowerToRoughness.uasset" 325
"../../../Engine/Content/Functions/Engine_MaterialFunctions01/Shading/PowerToRoughness.uexp" 326
"../../../Engine/Content/MobileResources/HUD/VirtualJoystick_Background.uasset" 327
"../../../Engine/Content/MobileResources/HUD/VirtualJoystick_Background.uexp" 328
"../../../Engine/Content/MobileResources/HUD/VirtualJoystick_Thumb.uasset" 329
"../../../Engine/Content/MobileResources/HUD/VirtualJoystick_Thumb.uexp" 330
"../../../Engine/Content/MobileResources/HUD/DefaultVirtualJoysticks.uasset" 331
"../../../Engine/Content/MobileResources/HUD/DefaultVirtualJoysticks.uexp" 332
"../../../Engine/Plugins/2D/Paper2D/Content/PlaceholderTextures/DummySpriteTexture.ubulk" 333
"../../../Engine/Plugins/2D/Paper2D/Content/PlaceholderTextures/DummySpriteTexture.uasset" 334
"../../../Engine/Plugins/2D/Paper2D/Content/PlaceholderTextures/DummySpriteTexture.uexp" 335
"../../../Engine/Plugins/2D/Paper2D/Content/DefaultSpriteMaterial.uasset" 336
"../../../Engine/Plugins/2D/Paper2D/Content/DefaultSpriteMaterial.uexp" 337
"../../../Engine/Plugins/2D/Paper2D/Content/OpaqueUnlitSpriteMaterial.uasset" 338
"../../../Engine/Plugins/2D/Paper2D/Content/OpaqueUnlitSpriteMaterial.uexp" 339
"../../../Engine/Plugins/2D/Paper2D/Content/MaskedUnlitSpriteMaterial.uasset" 340
"../../../Engine/Plugins/2D/Paper2D/Content/MaskedUnlitSpriteMaterial.uexp" 341
"../../../Engine/Plugins/2D/Paper2D/Content/DummySprite.uasset" 342
"../../../Engine/Plugins/2D/Paper2D/Content/DummySprite.uexp" 343
"../../../Engine/Plugins/2D/Paper2D/Content/DefaultPaperTerrainMaterial.uasset" 344
"../../../Engine/Plugins/2D/Paper2D/Content/DefaultPaperTerrainMaterial.uexp" 345
"../../../Engine/Plugins/Animation/ControlRig/Content/M_Manip.uasset" 346
"../../../Engine/Plugins/Animation/ControlRig/Content/M_Manip.uexp" 347
"../../../Engine/Plugins/Animation/ControlRig/Content/Controls/DefaultGizmoLibraryNormalized.uasset" 348
"../../../Engine/Plugins/Animation/ControlRig/Content/Controls/DefaultGizmoLibraryNormalized.uexp" 349
"../../../Engine/Plugins/Animation/ControlRig/Content/Controls/ControlRig_Wedge_solid.ubulk" 350
"../../../Engine/Plugins/Animation/ControlRig/Content/Controls/ControlRig_Wedge_solid.uasset" 351
"../../../Engine/Plugins/Animation/ControlRig/Content/Controls/ControlRig_Wedge_solid.uexp" 352
"../../../Engine/Plugins/Animation/ControlRig/Content/Controls/ControlRig_Wedge_3mm.ubulk" 353
"../../../Engine/Plugins/Animation/ControlRig/Content/Controls/ControlRig_Wedge_3mm.uasset" 354
"../../../Engine/Plugins/Animation/ControlRig/Content/Controls/ControlRig_Wedge_3mm.uexp" 355
"../../../Engine/Plugins/Animation/ControlRig/Content/Controls/ControlRig_Wedge_1mm.ubulk" 356
"../../../Engine/Plugins/Animation/ControlRig/Content/Controls/ControlRig_Wedge_1mm.uasset" 357
"../../../Engine/Plugins/Animation/ControlRig/Content/Controls/ControlRig_Wedge_1mm.uexp" 358
"../../../Engine/Plugins/Animation/ControlRig/Content/Controls/ControlRig_Triangle_solid.ubulk" 359
"../../../Engine/Plugins/Animation/ControlRig/Content/Controls/ControlRig_Triangle_solid.uasset" 360
"../../../Engine/Plugins/Animation/ControlRig/Content/Controls/ControlRig_Triangle_solid.uexp" 361
"../../../Engine/Plugins/Animation/ControlRig/Content/Controls/ControlRig_Triangle_3mm.ubulk" 362
"../../../Engine/Plugins/Animation/ControlRig/Content/Controls/ControlRig_Triangle_3mm.uasset" 363
"../../../Engine/Plugins/Animation/ControlRig/Content/Controls/ControlRig_Triangle_3mm.uexp" 364
"../../../Engine/Plugins/Animation/ControlRig/Content/Controls/ControlRig_Triangle_1mm.ubulk" 365
"../../../Engine/Plugins/Animation/ControlRig/Content/Controls/ControlRig_Triangle_1mm.uasset" 366
"../../../Engine/Plugins/Animation/ControlRig/Content/Controls/ControlRig_Triangle_1mm.uexp" 367
"../../../Engine/Plugins/Animation/ControlRig/Content/Controls/ControlRig_Star4_solid.ubulk" 368
"../../../Engine/Plugins/Animation/ControlRig/Content/Controls/ControlRig_Star4_solid.uasset" 369
"../../../Engine/Plugins/Animation/ControlRig/Content/Controls/ControlRig_Star4_solid.uexp" 370
"../../../Engine/Plugins/Animation/ControlRig/Content/Controls/ControlRig_Star4_3mm.ubulk" 371
"../../../Engine/Plugins/Animation/ControlRig/Content/Controls/ControlRig_Star4_3mm.uasset" 372
"../../../Engine/Plugins/Animation/ControlRig/Content/Controls/ControlRig_Star4_3mm.uexp" 373
"../../../Engine/Plugins/Animation/ControlRig/Content/Controls/ControlRig_Star4_1mm.ubulk" 374
"../../../Engine/Plugins/Animation/ControlRig/Content/Controls/ControlRig_Star4_1mm.uasset" 375
"../../../Engine/Plugins/Animation/ControlRig/Content/Controls/ControlRig_Star4_1mm.uexp" 376
"../../../Engine/Plugins/Animation/ControlRig/Content/Controls/ControlRig_Square_solid.ubulk" 377
"../../../Engine/Plugins/Animation/ControlRig/Content/Controls/ControlRig_Square_solid.uasset" 378
"../../../Engine/Plugins/Animation/ControlRig/Content/Controls/ControlRig_Square_solid.uexp" 379
"../../../Engine/Plugins/Animation/ControlRig/Content/Controls/ControlRig_Square_3mm.ubulk" 380
"../../../Engine/Plugins/Animation/ControlRig/Content/Controls/ControlRig_Square_3mm.uasset" 381
"../../../Engine/Plugins/Animation/ControlRig/Content/Controls/ControlRig_Square_3mm.uexp" 382
"../../../Engine/Plugins/Animation/ControlRig/Content/Controls/ControlRig_Square_1mm.ubulk" 383
"../../../Engine/Plugins/Animation/ControlRig/Content/Controls/ControlRig_Square_1mm.uasset" 384
"../../../Engine/Plugins/Animation/ControlRig/Content/Controls/ControlRig_Square_1mm.uexp" 385
"../../../Engine/Plugins/Animation/ControlRig/Content/Controls/ControlRig_Sphere_solid.ubulk" 386
"../../../Engine/Plugins/Animation/ControlRig/Content/Controls/ControlRig_Sphere_solid.uasset" 387
"../../../Engine/Plugins/Animation/ControlRig/Content/Controls/ControlRig_Sphere_solid.uexp" 388
"../../../Engine/Plugins/Animation/ControlRig/Content/Controls/ControlRig_Sphere_3mm.ubulk" 389
"../../../Engine/Plugins/Animation/ControlRig/Content/Controls/ControlRig_Sphere_3mm.uasset" 390
"../../../Engine/Plugins/Animation/ControlRig/Content/Controls/ControlRig_Sphere_3mm.uexp" 391
"../../../Engine/Plugins/Animation/ControlRig/Content/Controls/ControlRig_Sphere_1mm.ubulk" 392
"../../../Engine/Plugins/Animation/ControlRig/Content/Controls/ControlRig_Sphere_1mm.uasset" 393
"../../../Engine/Plugins/Animation/ControlRig/Content/Controls/ControlRig_Sphere_1mm.uexp" 394
"../../../Engine/Plugins/Animation/ControlRig/Content/Controls/ControlRig_RoundedTriangle_solid.ubulk" 395
"../../../Engine/Plugins/Animation/ControlRig/Content/Controls/ControlRig_RoundedTriangle_solid.uasset" 396
"../../../Engine/Plugins/Animation/ControlRig/Content/Controls/ControlRig_RoundedTriangle_solid.uexp" 397
"../../../Engine/Plugins/Animation/ControlRig/Content/Controls/ControlRig_RoundedTriangle_3mm.ubulk" 398
"../../../Engine/Plugins/Animation/ControlRig/Content/Controls/ControlRig_RoundedTriangle_3mm.uasset" 399
"../../../Engine/Plugins/Animation/ControlRig/Content/Controls/ControlRig_RoundedTriangle_3mm.uexp" 400
"../../../Engine/Plugins/Animation/ControlRig/Content/Controls/ControlRig_RoundedTriangle_1mm.ubulk" 401
"../../../Engine/Plugins/Animation/ControlRig/Content/Controls/ControlRig_RoundedTriangle_1mm.uasset" 402
"../../../Engine/Plugins/Animation/ControlRig/Content/Controls/ControlRig_RoundedTriangle_1mm.uexp" 403
"../../../Engine/Plugins/Animation/ControlRig/Content/Controls/ControlRig_RoundedSquare_solid.ubulk" 404
"../../../Engine/Plugins/Animation/ControlRig/Content/Controls/ControlRig_RoundedSquare_solid.uasset" 405
"../../../Engine/Plugins/Animation/ControlRig/Content/Controls/ControlRig_RoundedSquare_solid.uexp" 406
"../../../Engine/Plugins/Animation/ControlRig/Content/Controls/ControlRig_RoundedSquare_3mm.ubulk" 407
"../../../Engine/Plugins/Animation/ControlRig/Content/Controls/ControlRig_RoundedSquare_3mm.uasset" 408
"../../../Engine/Plugins/Animation/ControlRig/Content/Controls/ControlRig_RoundedSquare_3mm.uexp" 409
"../../../Engine/Plugins/Animation/ControlRig/Content/Controls/ControlRig_RoundedSquare_1mm.ubulk" 410
"../../../Engine/Plugins/Animation/ControlRig/Content/Controls/ControlRig_RoundedSquare_1mm.uasset" 411
"../../../Engine/Plugins/Animation/ControlRig/Content/Controls/ControlRig_RoundedSquare_1mm.uexp" 412
"../../../Engine/Plugins/Animation/ControlRig/Content/Controls/ControlRig_QuarterCircle_solid.ubulk" 413
"../../../Engine/Plugins/Animation/ControlRig/Content/Controls/ControlRig_QuarterCircle_solid.uasset" 414
"../../../Engine/Plugins/Animation/ControlRig/Content/Controls/ControlRig_QuarterCircle_solid.uexp" 415
"../../../Engine/Plugins/Animation/ControlRig/Content/Controls/ControlRig_QuarterCircle_3mm.ubulk" 416
"../../../Engine/Plugins/Animation/ControlRig/Content/Controls/ControlRig_QuarterCircle_3mm.uasset" 417
"../../../Engine/Plugins/Animation/ControlRig/Content/Controls/ControlRig_QuarterCircle_3mm.uexp" 418
"../../../Engine/Plugins/Animation/ControlRig/Content/Controls/ControlRig_QuarterCircle_1mm.ubulk" 419
"../../../Engine/Plugins/Animation/ControlRig/Content/Controls/ControlRig_QuarterCircle_1mm.uasset" 420
"../../../Engine/Plugins/Animation/ControlRig/Content/Controls/ControlRig_QuarterCircle_1mm.uexp" 421
"../../../Engine/Plugins/Animation/ControlRig/Content/Controls/ControlRig_Pyramid_solid.ubulk" 422
"../../../Engine/Plugins/Animation/ControlRig/Content/Controls/ControlRig_Pyramid_solid.uasset" 423
"../../../Engine/Plugins/Animation/ControlRig/Content/Controls/ControlRig_Pyramid_solid.uexp" 424
"../../../Engine/Plugins/Animation/ControlRig/Content/Controls/ControlRig_Pyramid_3mm.ubulk" 425
"../../../Engine/Plugins/Animation/ControlRig/Content/Controls/ControlRig_Pyramid_3mm.uasset" 426
"../../../Engine/Plugins/Animation/ControlRig/Content/Controls/ControlRig_Pyramid_3mm.uexp" 427
"../../../Engine/Plugins/Animation/ControlRig/Content/Controls/ControlRig_Pyramid_1mm.ubulk" 428
"../../../Engine/Plugins/Animation/ControlRig/Content/Controls/ControlRig_Pyramid_1mm.uasset" 429
"../../../Engine/Plugins/Animation/ControlRig/Content/Controls/ControlRig_Pyramid_1mm.uexp" 430
"../../../Engine/Plugins/Animation/ControlRig/Content/Controls/ControlRig_Octagon_solid.ubulk" 431
"../../../Engine/Plugins/Animation/ControlRig/Content/Controls/ControlRig_Octagon_solid.uasset" 432
"../../../Engine/Plugins/Animation/ControlRig/Content/Controls/ControlRig_Octagon_solid.uexp" 433
"../../../Engine/Plugins/Animation/ControlRig/Content/Controls/ControlRig_Octagon_3mm.ubulk" 434
"../../../Engine/Plugins/Animation/ControlRig/Content/Controls/ControlRig_Octagon_3mm.uasset" 435
"../../../Engine/Plugins/Animation/ControlRig/Content/Controls/ControlRig_Octagon_3mm.uexp" 436
"../../../Engine/Plugins/Animation/ControlRig/Content/Controls/ControlRig_Octagon_1mm.ubulk" 437
"../../../Engine/Plugins/Animation/ControlRig/Content/Controls/ControlRig_Octagon_1mm.uasset" 438
"../../../Engine/Plugins/Animation/ControlRig/Content/Controls/ControlRig_Octagon_1mm.uexp" 439
"../../../Engine/Plugins/Animation/ControlRig/Content/Controls/ControlRig_Hexagon_solid.ubulk" 440
"../../../Engine/Plugins/Animation/ControlRig/Content/Controls/ControlRig_Hexagon_solid.uasset" 441
"../../../Engine/Plugins/Animation/ControlRig/Content/Controls/ControlRig_Hexagon_solid.uexp" 442
"../../../Engine/Plugins/Animation/ControlRig/Content/Controls/ControlRig_Hexagon_3mm.ubulk" 443
"../../../Engine/Plugins/Animation/ControlRig/Content/Controls/ControlRig_Hexagon_3mm.uasset" 444
"../../../Engine/Plugins/Animation/ControlRig/Content/Controls/ControlRig_Hexagon_3mm.uexp" 445
"../../../Engine/Plugins/Animation/ControlRig/Content/Controls/ControlRig_Hexagon_1mm.ubulk" 446
"../../../Engine/Plugins/Animation/ControlRig/Content/Controls/ControlRig_Hexagon_1mm.uasset" 447
"../../../Engine/Plugins/Animation/ControlRig/Content/Controls/ControlRig_Hexagon_1mm.uexp" 448
"../../../Engine/Plugins/Animation/ControlRig/Content/Controls/ControlRig_HalfCircle_solid.ubulk" 449
"../../../Engine/Plugins/Animation/ControlRig/Content/Controls/ControlRig_HalfCircle_solid.uasset" 450
"../../../Engine/Plugins/Animation/ControlRig/Content/Controls/ControlRig_HalfCircle_solid.uexp" 451
"../../../Engine/Plugins/Animation/ControlRig/Content/Controls/ControlRig_HalfCircle_3mm.ubulk" 452
"../../../Engine/Plugins/Animation/ControlRig/Content/Controls/ControlRig_HalfCircle_3mm.uasset" 453
"../../../Engine/Plugins/Animation/ControlRig/Content/Controls/ControlRig_HalfCircle_3mm.uexp" 454
"../../../Engine/Plugins/Animation/ControlRig/Content/Controls/ControlRig_HalfCircle_1mm.ubulk" 455
"../../../Engine/Plugins/Animation/ControlRig/Content/Controls/ControlRig_HalfCircle_1mm.uasset" 456
"../../../Engine/Plugins/Animation/ControlRig/Content/Controls/ControlRig_HalfCircle_1mm.uexp" 457
"../../../Engine/Plugins/Animation/ControlRig/Content/Controls/ControlRig_Diamond_solid.ubulk" 458
"../../../Engine/Plugins/Animation/ControlRig/Content/Controls/ControlRig_Diamond_solid.uasset" 459
"../../../Engine/Plugins/Animation/ControlRig/Content/Controls/ControlRig_Diamond_solid.uexp" 460
"../../../Engine/Plugins/Animation/ControlRig/Content/Controls/ControlRig_Diamond_3mm.ubulk" 461
"../../../Engine/Plugins/Animation/ControlRig/Content/Controls/ControlRig_Diamond_3mm.uasset" 462
"../../../Engine/Plugins/Animation/ControlRig/Content/Controls/ControlRig_Diamond_3mm.uexp" 463
"../../../Engine/Plugins/Animation/ControlRig/Content/Controls/ControlRig_Diamond_1mm.ubulk" 464
"../../../Engine/Plugins/Animation/ControlRig/Content/Controls/ControlRig_Diamond_1mm.uasset" 465
"../../../Engine/Plugins/Animation/ControlRig/Content/Controls/ControlRig_Diamond_1mm.uexp" 466
"../../../Engine/Plugins/Animation/ControlRig/Content/Controls/ControlRig_Circle_solid.ubulk" 467
"../../../Engine/Plugins/Animation/ControlRig/Content/Controls/ControlRig_Circle_solid.uasset" 468
"../../../Engine/Plugins/Animation/ControlRig/Content/Controls/ControlRig_Circle_solid.uexp" 469
"../../../Engine/Plugins/Animation/ControlRig/Content/Controls/ControlRig_Circle_3mm.ubulk" 470
"../../../Engine/Plugins/Animation/ControlRig/Content/Controls/ControlRig_Circle_3mm.uasset" 471
"../../../Engine/Plugins/Animation/ControlRig/Content/Controls/ControlRig_Circle_3mm.uexp" 472
"../../../Engine/Plugins/Animation/ControlRig/Content/Controls/ControlRig_Circle_1mm.ubulk" 473
"../../../Engine/Plugins/Animation/ControlRig/Content/Controls/ControlRig_Circle_1mm.uasset" 474
"../../../Engine/Plugins/Animation/ControlRig/Content/Controls/ControlRig_Circle_1mm.uexp" 475
"../../../Engine/Plugins/Animation/ControlRig/Content/Controls/ControlRig_Box_solid.ubulk" 476
"../../../Engine/Plugins/Animation/ControlRig/Content/Controls/ControlRig_Box_solid.uasset" 477
"../../../Engine/Plugins/Animation/ControlRig/Content/Controls/ControlRig_Box_solid.uexp" 478
"../../../Engine/Plugins/Animation/ControlRig/Content/Controls/ControlRig_Box_3mm.ubulk" 479
"../../../Engine/Plugins/Animation/ControlRig/Content/Controls/ControlRig_Box_3mm.uasset" 480
"../../../Engine/Plugins/Animation/ControlRig/Content/Controls/ControlRig_Box_3mm.uexp" 481
"../../../Engine/Plugins/Animation/ControlRig/Content/Controls/ControlRig_Box_1mm.ubulk" 482
"../../../Engine/Plugins/Animation/ControlRig/Content/Controls/ControlRig_Box_1mm.uasset" 483
"../../../Engine/Plugins/Animation/ControlRig/Content/Controls/ControlRig_Box_1mm.uexp" 484
"../../../Engine/Plugins/Animation/ControlRig/Content/Controls/ControlRig_Arrow_solid.ubulk" 485
"../../../Engine/Plugins/Animation/ControlRig/Content/Controls/ControlRig_Arrow_solid.uasset" 486
"../../../Engine/Plugins/Animation/ControlRig/Content/Controls/ControlRig_Arrow_solid.uexp" 487
"../../../Engine/Plugins/Animation/ControlRig/Content/Controls/ControlRig_Arrow_3mm.ubulk" 488
"../../../Engine/Plugins/Animation/ControlRig/Content/Controls/ControlRig_Arrow_3mm.uasset" 489
"../../../Engine/Plugins/Animation/ControlRig/Content/Controls/ControlRig_Arrow_3mm.uexp" 490
"../../../Engine/Plugins/Animation/ControlRig/Content/Controls/ControlRig_Arrow_1mm.ubulk" 491
"../../../Engine/Plugins/Animation/ControlRig/Content/Controls/ControlRig_Arrow_1mm.uasset" 492
"../../../Engine/Plugins/Animation/ControlRig/Content/Controls/ControlRig_Arrow_1mm.uexp" 493
"../../../Engine/Plugins/Animation/ControlRig/Content/Controls/ControlRig_Arrow4_solid.ubulk" 494
"../../../Engine/Plugins/Animation/ControlRig/Content/Controls/ControlRig_Arrow4_solid.uasset" 495
"../../../Engine/Plugins/Animation/ControlRig/Content/Controls/ControlRig_Arrow4_solid.uexp" 496
"../../../Engine/Plugins/Animation/ControlRig/Content/Controls/ControlRig_Arrow4_3mm.ubulk" 497
"../../../Engine/Plugins/Animation/ControlRig/Content/Controls/ControlRig_Arrow4_3mm.uasset" 498
"../../../Engine/Plugins/Animation/ControlRig/Content/Controls/ControlRig_Arrow4_3mm.uexp" 499
"../../../Engine/Plugins/Animation/ControlRig/Content/Controls/ControlRig_Arrow4_1mm.ubulk" 500
"../../../Engine/Plugins/Animation/ControlRig/Content/Controls/ControlRig_Arrow4_1mm.uasset" 501
"../../../Engine/Plugins/Animation/ControlRig/Content/Controls/ControlRig_Arrow4_1mm.uexp" 502
"../../../Engine/Plugins/Animation/ControlRig/Content/Controls/ControlRig_Arrow2_solid.ubulk" 503
"../../../Engine/Plugins/Animation/ControlRig/Content/Controls/ControlRig_Arrow2_solid.uasset" 504
"../../../Engine/Plugins/Animation/ControlRig/Content/Controls/ControlRig_Arrow2_solid.uexp" 505
"../../../Engine/Plugins/Animation/ControlRig/Content/Controls/ControlRig_Arrow2_3mm.ubulk" 506
"../../../Engine/Plugins/Animation/ControlRig/Content/Controls/ControlRig_Arrow2_3mm.uasset" 507
"../../../Engine/Plugins/Animation/ControlRig/Content/Controls/ControlRig_Arrow2_3mm.uexp" 508
"../../../Engine/Plugins/Animation/ControlRig/Content/Controls/ControlRig_Arrow2_1mm.ubulk" 509
"../../../Engine/Plugins/Animation/ControlRig/Content/Controls/ControlRig_Arrow2_1mm.uasset" 510
"../../../Engine/Plugins/Animation/ControlRig/Content/Controls/ControlRig_Arrow2_1mm.uexp" 511
"../../../Engine/Plugins/Animation/ControlRig/Content/Controls/ControlRigXRayMaterial.uasset" 512
"../../../Engine/Plugins/Animation/ControlRig/Content/Controls/ControlRigXRayMaterial.uexp" 513
"../../../Engine/Plugins/Animation/ControlRig/Content/Controls/ControlRigGizmoMaterial.uasset" 514
"../../../Engine/Plugins/Animation/ControlRig/Content/Controls/ControlRigGizmoMaterial.uexp" 515
"../../../Engine/Plugins/Editor/SpeedTreeImporter/Content/SpeedTree9/game_wind_noise.ubulk" 516
"../../../Engine/Plugins/Editor/SpeedTreeImporter/Content/SpeedTree9/game_wind_noise.uasset" 517
"../../../Engine/Plugins/Editor/SpeedTreeImporter/Content/SpeedTree9/game_wind_noise.uexp" 518
"../../../Engine/Plugins/Editor/SpeedTreeImporter/Content/SpeedTree9/UnpackDirection.uasset" 519
"../../../Engine/Plugins/Editor/SpeedTreeImporter/Content/SpeedTree9/UnpackDirection.uexp" 520
"../../../Engine/Content/Functions/Engine_MaterialFunctions02/ObjectLocalBounds.uasset" 521
"../../../Engine/Content/Functions/Engine_MaterialFunctions02/ObjectLocalBounds.uexp" 522
"../../../Engine/Content/Functions/Engine_MaterialFunctions02/UVs/BoundingBoxBased_0-1_UVW.uasset" 523
"../../../Engine/Content/Functions/Engine_MaterialFunctions02/UVs/BoundingBoxBased_0-1_UVW.uexp" 524
"../../../Engine/Content/Functions/Engine_MaterialFunctions02/Utility/VectorLength.uasset" 525
"../../../Engine/Content/Functions/Engine_MaterialFunctions02/Utility/VectorLength.uexp" 526
"../../../Engine/Plugins/Editor/SpeedTreeImporter/Content/SpeedTree9/UnpackInteger3.uasset" 527
"../../../Engine/Plugins/Editor/SpeedTreeImporter/Content/SpeedTree9/UnpackInteger3.uexp" 528
"../../../Engine/Plugins/Editor/SpeedTreeImporter/Content/SpeedTree9/SpeedTreeCameraFacing.uasset" 529
"../../../Engine/Plugins/Editor/SpeedTreeImporter/Content/SpeedTree9/SpeedTreeCameraFacing.uexp" 530
"../../../Engine/Content/Functions/Engine_MaterialFunctions02/WorldPositionOffset/ObjectScale.uasset" 531
"../../../Engine/Content/Functions/Engine_MaterialFunctions02/WorldPositionOffset/ObjectScale.uexp" 532
"../../../Engine/Content/Functions/Engine_MaterialFunctions02/SafeNormalize.uasset" 533
"../../../Engine/Content/Functions/Engine_MaterialFunctions02/SafeNormalize.uexp" 534
"../../../Engine/Plugins/Editor/SpeedTreeImporter/Content/SpeedTree9/SpeedTreeWindMotion.uasset" 535
"../../../Engine/Plugins/Editor/SpeedTreeImporter/Content/SpeedTree9/SpeedTreeWindMotion.uexp" 536
"../../../Engine/Plugins/Editor/SpeedTreeImporter/Content/SpeedTree9/SpeedTreeBranchMotion.uasset" 537
"../../../Engine/Plugins/Editor/SpeedTreeImporter/Content/SpeedTree9/SpeedTreeBranchMotion.uexp" 538
"../../../Engine/Plugins/Editor/SpeedTreeImporter/Content/SpeedTree9/SpeedTreeWind.uasset" 539
"../../../Engine/Plugins/Editor/SpeedTreeImporter/Content/SpeedTree9/SpeedTreeWind.uexp" 540
"../../../Engine/Plugins/Editor/SpeedTreeImporter/Content/SpeedTree9/EmptyNormal.uasset" 541
"../../../Engine/Plugins/Editor/SpeedTreeImporter/Content/SpeedTree9/EmptyNormal.uexp" 542
"../../../Engine/Plugins/Editor/SpeedTreeImporter/Content/SpeedTree9/Empty.uasset" 543
"../../../Engine/Plugins/Editor/SpeedTreeImporter/Content/SpeedTree9/Empty.uexp" 544
"../../../Engine/Plugins/Editor/SpeedTreeImporter/Content/SpeedTree9/SpeedTreeMaster.uasset" 545
"../../../Engine/Plugins/Editor/SpeedTreeImporter/Content/SpeedTree9/SpeedTreeMaster.uexp" 546
"../../../Engine/Plugins/Editor/SpeedTreeImporter/Content/SpeedTree9/SpeedTreeBillboard.uasset" 547
"../../../Engine/Plugins/Editor/SpeedTreeImporter/Content/SpeedTree9/SpeedTreeBillboard.uexp" 548
"../../../Engine/Plugins/Editor/SpeedTreeImporter/Content/SpeedTree9/SpeedTreeBillboardMaster.uasset" 549
"../../../Engine/Plugins/Editor/SpeedTreeImporter/Content/SpeedTree9/SpeedTreeBillboardMaster.uexp" 550
"../../../Engine/Content/Functions/Engine_MaterialFunctions02/Texturing/CustomRotator.uasset" 551
"../../../Engine/Content/Functions/Engine_MaterialFunctions02/Texturing/CustomRotator.uexp" 552
"../../../Engine/Content/Functions/Engine_MaterialFunctions02/Texturing/ScreenAlignedPixelToPixelUVs.uasset" 553
"../../../Engine/Content/Functions/Engine_MaterialFunctions02/Texturing/ScreenAlignedPixelToPixelUVs.uexp" 554
"../../../Engine/Plugins/Interchange/Runtime/Content/Utilities/T_Bayer64_Grayscale_64px.uasset" 555
"../../../Engine/Plugins/Interchange/Runtime/Content/Utilities/T_Bayer64_Grayscale_64px.uexp" 556
"../../../Engine/Plugins/Interchange/Runtime/Content/gltf/MaterialFunctions/MF_Temporal_Blur.uasset" 557
"../../../Engine/Plugins/Interchange/Runtime/Content/gltf/MaterialFunctions/MF_Temporal_Blur.uexp" 558
"../../../Engine/Plugins/Interchange/Runtime/Content/gltf/MaterialFunctions/MF_Fresnel_DS.uasset" 559
"../../../Engine/Plugins/Interchange/Runtime/Content/gltf/MaterialFunctions/MF_Fresnel_DS.uexp" 560
"../../../Engine/Plugins/Interchange/Runtime/Content/Functions/MX_Transmission.uasset" 561
"../../../Engine/Plugins/Interchange/Runtime/Content/Functions/MX_Transmission.uexp" 562
"../../../Engine/Plugins/Interchange/Runtime/Content/Functions/MF_OrenNayerView.uasset" 563
"../../../Engine/Plugins/Interchange/Runtime/Content/Functions/MF_OrenNayerView.uexp" 564
"../../../Engine/Plugins/Interchange/Runtime/Content/Functions/MF_SchlickApprox.uasset" 565
"../../../Engine/Plugins/Interchange/Runtime/Content/Functions/MF_SchlickApprox.uexp" 566
"../../../Engine/Plugins/Interchange/Runtime/Content/Utilities/New_LUT.uasset" 567
"../../../Engine/Plugins/Interchange/Runtime/Content/Utilities/New_LUT.uexp" 568
"../../../Engine/Content/Functions/Engine_MaterialFunctions03/Math/RemapValueRange.uasset" 569
"../../../Engine/Content/Functions/Engine_MaterialFunctions03/Math/RemapValueRange.uexp" 570
"../../../Engine/Plugins/Interchange/Runtime/Content/Functions/MF_Iridescence.uasset" 571
"../../../Engine/Plugins/Interchange/Runtime/Content/Functions/MF_Iridescence.uexp" 572
"../../../Engine/Plugins/Interchange/Runtime/Content/Functions/MX_StandardSurface.uasset" 573
"../../../Engine/Plugins/Interchange/Runtime/Content/Functions/MX_StandardSurface.uexp" 574
"../../../Engine/Plugins/Interchange/Runtime/Content/Functions/MX_TransmissionSurface.uasset" 575
"../../../Engine/Plugins/Interchange/Runtime/Content/Functions/MX_TransmissionSurface.uexp" 576
"../../../Engine/Content/Functions/Engine_MaterialFunctions02/Math/AddComponents.uasset" 577
"../../../Engine/Content/Functions/Engine_MaterialFunctions02/Math/AddComponents.uexp" 578
"../../../Engine/Content/Functions/Engine_MaterialFunctions02/WorldPositionOffset/V2/ObjectScale.uasset" 579
"../../../Engine/Content/Functions/Engine_MaterialFunctions02/WorldPositionOffset/V2/ObjectScale.uexp" 580
"../../../Engine/Plugins/Interchange/Runtime/Content/gltf/MaterialFunctions/MF_TransmissionOpacity.uasset" 581
"../../../Engine/Plugins/Interchange/Runtime/Content/gltf/MaterialFunctions/MF_TransmissionOpacity.uexp" 582
"../../../Engine/Plugins/Interchange/Runtime/Content/gltf/MaterialFunctions/MF_RotateV2.uasset" 583
"../../../Engine/Plugins/Interchange/Runtime/Content/gltf/MaterialFunctions/MF_RotateV2.uexp" 584
"../../../Engine/Plugins/Interchange/Runtime/Content/gltf/MaterialFunctions/MF_TransformUVs.uasset" 585
"../../../Engine/Plugins/Interchange/Runtime/Content/gltf/MaterialFunctions/MF_TransformUVs.uexp" 586
"../../../Engine/Plugins/Interchange/Runtime/Content/gltf/Textures/T_White_srgb.uasset" 587
"../../../Engine/Plugins/Interchange/Runtime/Content/gltf/Textures/T_White_srgb.uexp" 588
"../../../Engine/Plugins/Interchange/Runtime/Content/gltf/MaterialFunctions/MF_BaseColor.uasset" 589
"../../../Engine/Plugins/Interchange/Runtime/Content/gltf/MaterialFunctions/MF_BaseColor.uexp" 590
"../../../Engine/Plugins/Interchange/Runtime/Content/gltf/MaterialFunctions/MF_DiffuseSpecGloss.uasset" 591
"../../../Engine/Plugins/Interchange/Runtime/Content/gltf/MaterialFunctions/MF_DiffuseSpecGloss.uexp" 592
"../../../Engine/Plugins/Interchange/Runtime/Content/gltf/Textures/T_White_Linear.uasset" 593
"../../../Engine/Plugins/Interchange/Runtime/Content/gltf/Textures/T_White_Linear.uexp" 594
"../../../Engine/Plugins/Interchange/Runtime/Content/gltf/MaterialFunctions/MF_MetallicRoughness.uasset" 595
"../../../Engine/Plugins/Interchange/Runtime/Content/gltf/MaterialFunctions/MF_MetallicRoughness.uexp" 596
"../../../Engine/Plugins/Interchange/Runtime/Content/gltf/MaterialFunctions/MF_Transmission.uasset" 597
"../../../Engine/Plugins/Interchange/Runtime/Content/gltf/MaterialFunctions/MF_Transmission.uexp" 598
"../../../Engine/Plugins/Interchange/Runtime/Content/gltf/MaterialFunctions/MF_Occlusion.uasset" 599
"../../../Engine/Plugins/Interchange/Runtime/Content/gltf/MaterialFunctions/MF_Occlusion.uexp" 600
"../../../Engine/Plugins/Interchange/Runtime/Content/gltf/MaterialFunctions/MF_Specular.uasset" 601
"../../../Engine/Plugins/Interchange/Runtime/Content/gltf/MaterialFunctions/MF_Specular.uexp" 602
"../../../Engine/Plugins/Interchange/Runtime/Content/gltf/MaterialFunctions/MF_IOR.uasset" 603
"../../../Engine/Plugins/Interchange/Runtime/Content/gltf/MaterialFunctions/MF_IOR.uexp" 604
"../../../Engine/Content/Functions/Engine_MaterialFunctions01/Texturing/FlattenNormal.uasset" 605
"../../../Engine/Content/Functions/Engine_MaterialFunctions01/Texturing/FlattenNormal.uexp" 606
"../../../Engine/Content/Functions/Engine_MaterialFunctions02/Math/Transform3x3Matrix.uasset" 607
"../../../Engine/Content/Functions/Engine_MaterialFunctions02/Math/Transform3x3Matrix.uexp" 608
"../../../Engine/Plugins/Interchange/Runtime/Content/gltf/MaterialFunctions/MF_RotateNormals_TS.uasset" 609
"../../../Engine/Plugins/Interchange/Runtime/Content/gltf/MaterialFunctions/MF_RotateNormals_TS.uexp" 610
"../../../Engine/Plugins/Interchange/Runtime/Content/gltf/Textures/T_Generic_N.uasset" 611
"../../../Engine/Plugins/Interchange/Runtime/Content/gltf/Textures/T_Generic_N.uexp" 612
"../../../Engine/Plugins/Interchange/Runtime/Content/gltf/MaterialFunctions/MF_Normals.uasset" 613
"../../../Engine/Plugins/Interchange/Runtime/Content/gltf/MaterialFunctions/MF_Normals.uexp" 614
"../../../Engine/Plugins/Interchange/Runtime/Content/gltf/MaterialFunctions/MF_PerceivedBrightness.uasset" 615
"../../../Engine/Plugins/Interchange/Runtime/Content/gltf/MaterialFunctions/MF_PerceivedBrightness.uexp" 616
"../../../Engine/Plugins/Interchange/Runtime/Content/gltf/MaterialFunctions/MF_SpecGlossToMetalRoughness.uasset" 617
"../../../Engine/Plugins/Interchange/Runtime/Content/gltf/MaterialFunctions/MF_SpecGlossToMetalRoughness.uexp" 618
"../../../Engine/Plugins/Interchange/Runtime/Content/gltf/M_Transmission.uasset" 619
"../../../Engine/Plugins/Interchange/Runtime/Content/gltf/M_Transmission.uexp" 620
"../../../Engine/Plugins/Interchange/Runtime/Content/gltf/MaterialInstances_MR/MI_Transmission_TS.uasset" 621
"../../../Engine/Plugins/Interchange/Runtime/Content/gltf/MaterialInstances_MR/MI_Transmission_TS.uexp" 622
"../../../Engine/Plugins/Interchange/Runtime/Content/gltf/MaterialInstances_MR/MI_Transmission.uasset" 623
"../../../Engine/Plugins/Interchange/Runtime/Content/gltf/MaterialInstances_MR/MI_Transmission.uexp" 624
"../../../Engine/Plugins/Interchange/Runtime/Content/gltf/MaterialFunctions/MF_Clearcoat.uasset" 625
"../../../Engine/Plugins/Interchange/Runtime/Content/gltf/MaterialFunctions/MF_Clearcoat.uexp" 626
"../../../Engine/Plugins/Interchange/Runtime/Content/gltf/MaterialFunctions/MF_Emissive.uasset" 627
"../../../Engine/Plugins/Interchange/Runtime/Content/gltf/MaterialFunctions/MF_Emissive.uexp" 628
"../../../Engine/Plugins/Interchange/Runtime/Content/gltf/M_Translucent.uasset" 629
"../../../Engine/Plugins/Interchange/Runtime/Content/gltf/M_Translucent.uexp" 630
"../../../Engine/Plugins/Interchange/Runtime/Content/gltf/MaterialInstances_MR/MI_Translucent_TS.uasset" 631
"../../../Engine/Plugins/Interchange/Runtime/Content/gltf/MaterialInstances_MR/MI_Translucent_TS.uexp" 632
"../../../Engine/Plugins/Interchange/Runtime/Content/gltf/MaterialInstances_MR/MI_Translucent_ClearCoat_TS.uasset" 633
"../../../Engine/Plugins/Interchange/Runtime/Content/gltf/MaterialInstances_MR/MI_Translucent_ClearCoat_TS.uexp" 634
"../../../Engine/Plugins/Interchange/Runtime/Content/gltf/MaterialInstances_MR/MI_Translucent_ClearCoat.uasset" 635
"../../../Engine/Plugins/Interchange/Runtime/Content/gltf/MaterialInstances_MR/MI_Translucent_ClearCoat.uexp" 636
"../../../Engine/Plugins/Interchange/Runtime/Content/gltf/MaterialInstances_MR/MI_Translucent.uasset" 637
"../../../Engine/Plugins/Interchange/Runtime/Content/gltf/MaterialInstances_MR/MI_Translucent.uexp" 638
"../../../Engine/Plugins/Interchange/Runtime/Content/gltf/M_Unlit.uasset" 639
"../../../Engine/Plugins/Interchange/Runtime/Content/gltf/M_Unlit.uexp" 640
"../../../Engine/Plugins/Interchange/Runtime/Content/gltf/MaterialInstances_MR/MI_Opaque_Unlit_TS.uasset" 641
"../../../Engine/Plugins/Interchange/Runtime/Content/gltf/MaterialInstances_MR/MI_Opaque_Unlit_TS.uexp" 642
"../../../Engine/Plugins/Interchange/Runtime/Content/gltf/MaterialInstances_MR/MI_Opaque_Unlit.uasset" 643
"../../../Engine/Plugins/Interchange/Runtime/Content/gltf/MaterialInstances_MR/MI_Opaque_Unlit.uexp" 644
"../../../Engine/Plugins/Interchange/Runtime/Content/gltf/M_Opaque.uasset" 645
"../../../Engine/Plugins/Interchange/Runtime/Content/gltf/M_Opaque.uexp" 646
"../../../Engine/Plugins/Interchange/Runtime/Content/gltf/MaterialInstances_MR/MI_Opaque_TS.uasset" 647
"../../../Engine/Plugins/Interchange/Runtime/Content/gltf/MaterialInstances_MR/MI_Opaque_TS.uexp" 648
"../../../Engine/Plugins/Interchange/Runtime/Content/gltf/MaterialFunctions/MF_Sheen.uasset" 649
"../../../Engine/Plugins/Interchange/Runtime/Content/gltf/MaterialFunctions/MF_Sheen.uexp" 650
"../../../Engine/Content/Functions/Engine_MaterialFunctions01/Shading/FuzzyShading.uasset" 651
"../../../Engine/Content/Functions/Engine_MaterialFunctions01/Shading/FuzzyShading.uexp" 652
"../../../Engine/Plugins/Interchange/Runtime/Content/gltf/M_Sheen.uasset" 653
"../../../Engine/Plugins/Interchange/Runtime/Content/gltf/M_Sheen.uexp" 654
"../../../Engine/Plugins/Interchange/Runtime/Content/gltf/MaterialInstances_MR/MI_Opaque_Sheen_TS.uasset" 655
"../../../Engine/Plugins/Interchange/Runtime/Content/gltf/MaterialInstances_MR/MI_Opaque_Sheen_TS.uexp" 656
"../../../Engine/Plugins/Interchange/Runtime/Content/gltf/MaterialInstances_MR/MI_Opaque_Sheen.uasset" 657
"../../../Engine/Plugins/Interchange/Runtime/Content/gltf/MaterialInstances_MR/MI_Opaque_Sheen.uexp" 658
"../../../Engine/Plugins/Interchange/Runtime/Content/gltf/MaterialInstances_MR/MI_Opaque_ClearCoat_TS.uasset" 659
"../../../Engine/Plugins/Interchange/Runtime/Content/gltf/MaterialInstances_MR/MI_Opaque_ClearCoat_TS.uexp" 660
"../../../Engine/Plugins/Interchange/Runtime/Content/gltf/MaterialInstances_MR/MI_Opaque_ClearCoat.uasset" 661
"../../../Engine/Plugins/Interchange/Runtime/Content/gltf/MaterialInstances_MR/MI_Opaque_ClearCoat.uexp" 662
"../../../Engine/Plugins/Interchange/Runtime/Content/gltf/MaterialInstances_MR/MI_Opaque.uasset" 663
"../../../Engine/Plugins/Interchange/Runtime/Content/gltf/MaterialInstances_MR/MI_Opaque.uexp" 664
"../../../Engine/Plugins/Interchange/Runtime/Content/gltf/MaterialInstances_SG/MI_Transmission_TS.uasset" 665
"../../../Engine/Plugins/Interchange/Runtime/Content/gltf/MaterialInstances_SG/MI_Transmission_TS.uexp" 666
"../../../Engine/Plugins/Interchange/Runtime/Content/gltf/MaterialInstances_SG/MI_Transmission.uasset" 667
"../../../Engine/Plugins/Interchange/Runtime/Content/gltf/MaterialInstances_SG/MI_Transmission.uexp" 668
"../../../Engine/Plugins/Interchange/Runtime/Content/gltf/MaterialInstances_SG/MI_Translucent_TS.uasset" 669
"../../../Engine/Plugins/Interchange/Runtime/Content/gltf/MaterialInstances_SG/MI_Translucent_TS.uexp" 670
"../../../Engine/Plugins/Interchange/Runtime/Content/gltf/MaterialInstances_SG/MI_Translucent_ClearCoat_TS.uasset" 671
"../../../Engine/Plugins/Interchange/Runtime/Content/gltf/MaterialInstances_SG/MI_Translucent_ClearCoat_TS.uexp" 672
"../../../Engine/Plugins/Interchange/Runtime/Content/gltf/MaterialInstances_SG/MI_Translucent_ClearCoat.uasset" 673
"../../../Engine/Plugins/Interchange/Runtime/Content/gltf/MaterialInstances_SG/MI_Translucent_ClearCoat.uexp" 674
"../../../Engine/Plugins/Interchange/Runtime/Content/gltf/MaterialInstances_SG/MI_Translucent.uasset" 675
"../../../Engine/Plugins/Interchange/Runtime/Content/gltf/MaterialInstances_SG/MI_Translucent.uexp" 676
"../../../Engine/Plugins/Interchange/Runtime/Content/gltf/MaterialInstances_SG/MI_Opaque_TS.uasset" 677
"../../../Engine/Plugins/Interchange/Runtime/Content/gltf/MaterialInstances_SG/MI_Opaque_TS.uexp" 678
"../../../Engine/Plugins/Interchange/Runtime/Content/gltf/MaterialInstances_SG/MI_Opaque_Sheen_TS.uasset" 679
"../../../Engine/Plugins/Interchange/Runtime/Content/gltf/MaterialInstances_SG/MI_Opaque_Sheen_TS.uexp" 680
"../../../Engine/Plugins/Interchange/Runtime/Content/gltf/MaterialInstances_SG/MI_Opaque_Sheen.uasset" 681
"../../../Engine/Plugins/Interchange/Runtime/Content/gltf/MaterialInstances_SG/MI_Opaque_Sheen.uexp" 682
"../../../Engine/Plugins/Interchange/Runtime/Content/gltf/MaterialInstances_SG/MI_Opaque_ClearCoat_TS.uasset" 683
"../../../Engine/Plugins/Interchange/Runtime/Content/gltf/MaterialInstances_SG/MI_Opaque_ClearCoat_TS.uexp" 684
"../../../Engine/Plugins/Interchange/Runtime/Content/gltf/MaterialInstances_SG/MI_Opaque_ClearCoat.uasset" 685
"../../../Engine/Plugins/Interchange/Runtime/Content/gltf/MaterialInstances_SG/MI_Opaque_ClearCoat.uexp" 686
"../../../Engine/Plugins/Interchange/Runtime/Content/gltf/MaterialInstances_SG/MI_Opaque.uasset" 687
"../../../Engine/Plugins/Interchange/Runtime/Content/gltf/MaterialInstances_SG/MI_Opaque.uexp" 688
"../../../Engine/Plugins/Interchange/Runtime/Content/gltf/Textures/T_Gray_Linear.uasset" 689
"../../../Engine/Plugins/Interchange/Runtime/Content/gltf/Textures/T_Gray_Linear.uexp" 690
"../../../Engine/Plugins/Interchange/Runtime/Content/gltf/Textures/T_Black_srgb.uasset" 691
"../../../Engine/Plugins/Interchange/Runtime/Content/gltf/Textures/T_Black_srgb.uexp" 692
"../../../Engine/Plugins/Interchange/Runtime/Content/Materials/UnlitMaterial.uasset" 693
"../../../Engine/Plugins/Interchange/Runtime/Content/Materials/UnlitMaterial.uexp" 694
"../../../Engine/Content/EngineMaterials/DefaultNormal.ubulk" 695
"../../../Engine/Content/EngineMaterials/DefaultNormal.uasset" 696
"../../../Engine/Content/EngineMaterials/DefaultNormal.uexp" 697
"../../../Engine/Plugins/Interchange/Runtime/Content/Materials/MapOrScalarFunction.uasset" 698
"../../../Engine/Plugins/Interchange/Runtime/Content/Materials/MapOrScalarFunction.uexp" 699
"../../../Engine/Plugins/Interchange/Runtime/Content/Materials/MapOrLinearColorFunction.uasset" 700
"../../../Engine/Plugins/Interchange/Runtime/Content/Materials/MapOrLinearColorFunction.uexp" 701
"../../../Engine/Plugins/Interchange/Runtime/Content/Materials/MapOrColorFunction.uasset" 702
"../../../Engine/Plugins/Interchange/Runtime/Content/Materials/MapOrColorFunction.uexp" 703
"../../../Engine/Plugins/Interchange/Runtime/Content/Materials/CommonMaterial.uasset" 704
"../../../Engine/Plugins/Interchange/Runtime/Content/Materials/CommonMaterial.uexp" 705
"../../../Engine/Plugins/Interchange/Runtime/Content/Materials/PBRSurfaceFunction.uasset" 706
"../../../Engine/Plugins/Interchange/Runtime/Content/Materials/PBRSurfaceFunction.uexp" 707
"../../../Engine/Plugins/Interchange/Runtime/Content/Materials/ThinTranslucentMaterial.uasset" 708
"../../../Engine/Plugins/Interchange/Runtime/Content/Materials/ThinTranslucentMaterial.uexp" 709
"../../../Engine/Plugins/Interchange/Runtime/Content/Materials/SubsurfaceMaterial.uasset" 710
"../../../Engine/Plugins/Interchange/Runtime/Content/Materials/SubsurfaceMaterial.uexp" 711
"../../../Engine/Plugins/Interchange/Runtime/Content/Materials/SheenMaterial.uasset" 712
"../../../Engine/Plugins/Interchange/Runtime/Content/Materials/SheenMaterial.uexp" 713
"../../../Engine/Content/Functions/Engine_MaterialFunctions01/Shading/ConvertFromDiffSpec.uasset" 714
"../../../Engine/Content/Functions/Engine_MaterialFunctions01/Shading/ConvertFromDiffSpec.uexp" 715
"../../../Engine/Plugins/Interchange/Runtime/Content/Materials/PhongSurfaceMaterial.uasset" 716
"../../../Engine/Plugins/Interchange/Runtime/Content/Materials/PhongSurfaceMaterial.uexp" 717
"../../../Engine/Plugins/Interchange/Runtime/Content/Materials/PBRSurfaceMaterial.uasset" 718
"../../../Engine/Plugins/Interchange/Runtime/Content/Materials/PBRSurfaceMaterial.uexp" 719
"../../../Engine/Content/EngineMaterials/FlatNormal.uasset" 720
"../../../Engine/Content/EngineMaterials/FlatNormal.uexp" 721
"../../../Engine/Content/EditorLandscapeResources/WhiteSquareTexture.uasset" 722
"../../../Engine/Content/EditorLandscapeResources/WhiteSquareTexture.uexp" 723
"../../../Engine/Plugins/Interchange/Runtime/Content/Materials/OrenNayerMaterial.uasset" 724
"../../../Engine/Plugins/Interchange/Runtime/Content/Materials/OrenNayerMaterial.uexp" 725
"../../../Engine/Plugins/Interchange/Runtime/Content/Materials/LambertSurfaceMaterial.uasset" 726
"../../../Engine/Plugins/Interchange/Runtime/Content/Materials/LambertSurfaceMaterial.uexp" 727
"../../../Engine/Plugins/Interchange/Runtime/Content/Materials/ClearCoatMaterial.uasset" 728
"../../../Engine/Plugins/Interchange/Runtime/Content/Materials/ClearCoatMaterial.uexp" 729
"../../../Engine/Plugins/Interchange/Runtime/Content/Pipelines/DefaultTexturePipeline.uasset" 730
"../../../Engine/Plugins/Interchange/Runtime/Content/Pipelines/DefaultTexturePipeline.uexp" 731
"../../../Engine/Plugins/Interchange/Runtime/Content/Pipelines/DefaultSceneLevelPipeline.uasset" 732
"../../../Engine/Plugins/Interchange/Runtime/Content/Pipelines/DefaultSceneLevelPipeline.uexp" 733
"../../../Engine/Plugins/Interchange/Runtime/Content/Pipelines/DefaultSceneAssetsPipeline.uasset" 734
"../../../Engine/Plugins/Interchange/Runtime/Content/Pipelines/DefaultSceneAssetsPipeline.uexp" 735
"../../../Engine/Plugins/Interchange/Runtime/Content/Pipelines/DefaultMaterialPipeline.uasset" 736
"../../../Engine/Plugins/Interchange/Runtime/Content/Pipelines/DefaultMaterialPipeline.uexp" 737
"../../../Engine/Plugins/Interchange/Runtime/Content/Pipelines/DefaultAssetsPipeline.uasset" 738
"../../../Engine/Plugins/Interchange/Runtime/Content/Pipelines/DefaultAssetsPipeline.uexp" 739
"../../../Engine/Plugins/Runtime/MeshModelingToolset/Content/Materials/M_DynamicMeshComponentVtxColor.uasset" 740
"../../../Engine/Plugins/Runtime/MeshModelingToolset/Content/Materials/M_DynamicMeshComponentVtxColor.uexp" 741
"../../../Engine/Content/Maps/Entry_BuiltData.uasset" 742
"../../../Engine/Content/Maps/Entry_BuiltData.uexp" 743
"../../../Engine/Content/Maps/Entry.uexp" 744
"../../../Engine/Content/Maps/Entry.umap" 745
"E:/Documents/Projets/Games/MiniGameCollection/Content/Assets/BomberGame/imgplane.uasset" 746
"E:/Documents/Projets/Games/MiniGameCollection/Content/Assets/BomberGame/imgplane.uexp" 747
"E:/Documents/Projets/Games/MiniGameCollection/Content/Assets/BomberGame/Background/static.uasset" 748
"E:/Documents/Projets/Games/MiniGameCollection/Content/Assets/BomberGame/Background/static.uexp" 749
"E:/Documents/Projets/Games/MiniGameCollection/Content/Assets/Font/pixelfont.uexp" 750
"E:/Documents/Projets/Games/MiniGameCollection/Content/Assets/Font/pixelfont.uasset" 751
"E:/Documents/Projets/Games/MiniGameCollection/Content/Assets/Font/pixelfont.ufont" 752
"E:/Documents/Projets/Games/MiniGameCollection/Content/Assets/Font/pixelfont_Font.uasset" 753
"E:/Documents/Projets/Games/MiniGameCollection/Content/Assets/Font/pixelfont_Font.uexp" 754
"E:/Documents/Projets/Games/MiniGameCollection/Content/UI/LoadingUltra.uasset" 755
"E:/Documents/Projets/Games/MiniGameCollection/Content/UI/LoadingUltra.uexp" 756
"E:/Documents/Projets/Games/MiniGameCollection/Content/Assets/BomberGame/mainmapimg.uasset" 757
"E:/Documents/Projets/Games/MiniGameCollection/Content/Assets/BomberGame/mainmapimg.uexp" 758
"E:/Documents/Projets/Games/MiniGameCollection/Content/Assets/BomberGame/Planes/warbird.uasset" 759
"E:/Documents/Projets/Games/MiniGameCollection/Content/Assets/BomberGame/Planes/warbird.uexp" 760
"E:/Documents/Projets/Games/MiniGameCollection/Content/Assets/BomberGame/Planes/stealth.uasset" 761
"E:/Documents/Projets/Games/MiniGameCollection/Content/Assets/BomberGame/Planes/stealth.uexp" 762
"E:/Documents/Projets/Games/MiniGameCollection/Content/Assets/BomberGame/watermapimg.uasset" 763
"E:/Documents/Projets/Games/MiniGameCollection/Content/Assets/BomberGame/watermapimg.uexp" 764
"../../../Engine/Plugins/2D/Paper2D/Content/TranslucentUnlitSpriteMaterial.uasset" 765
"../../../Engine/Plugins/2D/Paper2D/Content/TranslucentUnlitSpriteMaterial.uexp" 766
"E:/Documents/Projets/Games/MiniGameCollection/Content/Assets/BomberGame/Planes/default.uasset" 767
"E:/Documents/Projets/Games/MiniGameCollection/Content/Assets/BomberGame/Planes/default.uexp" 768
"E:/Documents/Projets/Games/MiniGameCollection/Content/Assets/BomberGame/Planes/default_Sprite.uasset" 769
"E:/Documents/Projets/Games/MiniGameCollection/Content/Assets/BomberGame/Planes/default_Sprite.uexp" 770
"E:/Documents/Projets/Games/MiniGameCollection/Content/Assets/BomberGame/Planes/static-stunt.uasset" 771
"E:/Documents/Projets/Games/MiniGameCollection/Content/Assets/BomberGame/Planes/static-stunt.uexp" 772
"E:/Documents/Projets/Games/MiniGameCollection/Content/Assets/BomberGame/Planes/fighter_jet_dark.uasset" 773
"E:/Documents/Projets/Games/MiniGameCollection/Content/Assets/BomberGame/Planes/fighter_jet_dark.uexp" 774
"E:/Documents/Projets/Games/MiniGameCollection/Content/Assets/BomberGame/desertmapimg.uasset" 775
"E:/Documents/Projets/Games/MiniGameCollection/Content/Assets/BomberGame/desertmapimg.uexp" 776
"E:/Documents/Projets/Games/MiniGameCollection/Content/Assets/BomberGame/Planes/fighter.uasset" 777
"E:/Documents/Projets/Games/MiniGameCollection/Content/Assets/BomberGame/Planes/fighter.uexp" 778
"E:/Documents/Projets/Games/MiniGameCollection/Content/Blueprints/Progression/UnlockType.uasset" 779
"E:/Documents/Projets/Games/MiniGameCollection/Content/Blueprints/Progression/UnlockType.uexp" 780
"E:/Documents/Projets/Games/MiniGameCollection/Content/Blueprints/Progression/UnlockElement.uasset" 781
"E:/Documents/Projets/Games/MiniGameCollection/Content/Blueprints/Progression/UnlockElement.uexp" 782
"E:/Documents/Projets/Games/MiniGameCollection/Content/Blueprints/Progression/ProgressionTable.uasset" 783
"E:/Documents/Projets/Games/MiniGameCollection/Content/Blueprints/Progression/ProgressionTable.uexp" 784
"../../../Engine/Content/EditorBlueprintResources/StandardMacros.uasset" 785
"../../../Engine/Content/EditorBlueprintResources/StandardMacros.uexp" 786
"E:/Documents/Projets/Games/MiniGameCollection/Content/Blueprints/Progression/ProgressionLib.uasset" 787
"E:/Documents/Projets/Games/MiniGameCollection/Content/Blueprints/Progression/ProgressionLib.uexp" 788
"../../../Engine/Content/BasicShapes/Plane.ubulk" 789
"../../../Engine/Content/BasicShapes/Plane.uasset" 790
"../../../Engine/Content/BasicShapes/Plane.uexp" 791
"E:/Documents/Projets/Games/MiniGameCollection/Content/Assets/BomberGame/Chute/army_canvas.uasset" 792
"E:/Documents/Projets/Games/MiniGameCollection/Content/Assets/BomberGame/Chute/army_canvas.uexp" 793
"E:/Documents/Projets/Games/MiniGameCollection/Content/Assets/BomberGame/Chute/army_canvas_Sprite_0.uasset" 794
"E:/Documents/Projets/Games/MiniGameCollection/Content/Assets/BomberGame/Chute/army_canvas_Sprite_0.uexp" 795
"E:/Documents/Projets/Games/MiniGameCollection/Content/Blueprints/UltraGame/Crash.uasset" 796
"E:/Documents/Projets/Games/MiniGameCollection/Content/Blueprints/UltraGame/Crash.uexp" 797
"E:/Documents/Projets/Games/MiniGameCollection/Content/Assets/BomberGame/Fumes/spritesheet_smoke_whisp.uasset" 798
"E:/Documents/Projets/Games/MiniGameCollection/Content/Assets/BomberGame/Fumes/spritesheet_smoke_whisp.uexp" 799
"E:/Documents/Projets/Games/MiniGameCollection/Content/Assets/BomberGame/Fumes/spritesheet_smoke_whisp_fumes_0.uasset" 800
"E:/Documents/Projets/Games/MiniGameCollection/Content/Assets/BomberGame/Fumes/spritesheet_smoke_whisp_fumes_0.uexp" 801
"E:/Documents/Projets/Games/MiniGameCollection/Content/Assets/BomberGame/Fumes/spritesheet_smoke_whisp_fumes_1.uasset" 802
"E:/Documents/Projets/Games/MiniGameCollection/Content/Assets/BomberGame/Fumes/spritesheet_smoke_whisp_fumes_1.uexp" 803
"E:/Documents/Projets/Games/MiniGameCollection/Content/Assets/BomberGame/Fumes/spritesheet_smoke_whisp_fumes_2.uasset" 804
"E:/Documents/Projets/Games/MiniGameCollection/Content/Assets/BomberGame/Fumes/spritesheet_smoke_whisp_fumes_2.uexp" 805
"E:/Documents/Projets/Games/MiniGameCollection/Content/Assets/BomberGame/Fumes/spritesheet_smoke_whisp_fumes_3.uasset" 806
"E:/Documents/Projets/Games/MiniGameCollection/Content/Assets/BomberGame/Fumes/spritesheet_smoke_whisp_fumes_3.uexp" 807
"E:/Documents/Projets/Games/MiniGameCollection/Content/Assets/BomberGame/Fumes/spritesheet_smoke_whisp_fumes_4.uasset" 808
"E:/Documents/Projets/Games/MiniGameCollection/Content/Assets/BomberGame/Fumes/spritesheet_smoke_whisp_fumes_4.uexp" 809
"E:/Documents/Projets/Games/MiniGameCollection/Content/Assets/BomberGame/Fumes/spritesheet_smoke_whisp_fumes_5.uasset" 810
"E:/Documents/Projets/Games/MiniGameCollection/Content/Assets/BomberGame/Fumes/spritesheet_smoke_whisp_fumes_5.uexp" 811
"E:/Documents/Projets/Games/MiniGameCollection/Content/Assets/BomberGame/Fumes/spritesheet_smoke_whisp_fumes_6.uasset" 812
"E:/Documents/Projets/Games/MiniGameCollection/Content/Assets/BomberGame/Fumes/spritesheet_smoke_whisp_fumes_6.uexp" 813
"E:/Documents/Projets/Games/MiniGameCollection/Content/Assets/BomberGame/Fumes/spritesheet_smoke_whisp_fumes_7.uasset" 814
"E:/Documents/Projets/Games/MiniGameCollection/Content/Assets/BomberGame/Fumes/spritesheet_smoke_whisp_fumes_7.uexp" 815
"E:/Documents/Projets/Games/MiniGameCollection/Content/Assets/BomberGame/Fumes/spritesheet_smoke_whisp_fumes_8.uasset" 816
"E:/Documents/Projets/Games/MiniGameCollection/Content/Assets/BomberGame/Fumes/spritesheet_smoke_whisp_fumes_8.uexp" 817
"E:/Documents/Projets/Games/MiniGameCollection/Content/Assets/BomberGame/Fumes/spritesheet_smoke_whisp_fumes_9.uasset" 818
"E:/Documents/Projets/Games/MiniGameCollection/Content/Assets/BomberGame/Fumes/spritesheet_smoke_whisp_fumes_9.uexp" 819
"E:/Documents/Projets/Games/MiniGameCollection/Content/Assets/BomberGame/Fumes/spritesheet_smoke_whisp_fumes_10.uasset" 820
"E:/Documents/Projets/Games/MiniGameCollection/Content/Assets/BomberGame/Fumes/spritesheet_smoke_whisp_fumes_10.uexp" 821
"E:/Documents/Projets/Games/MiniGameCollection/Content/Assets/BomberGame/Fumes/spritesheet_smoke_whisp_fumes_11.uasset" 822
"E:/Documents/Projets/Games/MiniGameCollection/Content/Assets/BomberGame/Fumes/spritesheet_smoke_whisp_fumes_11.uexp" 823
"E:/Documents/Projets/Games/MiniGameCollection/Content/Assets/BomberGame/Fumes/spritesheet_smoke_whisp_fumes_12.uasset" 824
"E:/Documents/Projets/Games/MiniGameCollection/Content/Assets/BomberGame/Fumes/spritesheet_smoke_whisp_fumes_12.uexp" 825
"E:/Documents/Projets/Games/MiniGameCollection/Content/Assets/BomberGame/Fumes/spritesheet_smoke_whisp_fumes_13.uasset" 826
"E:/Documents/Projets/Games/MiniGameCollection/Content/Assets/BomberGame/Fumes/spritesheet_smoke_whisp_fumes_13.uexp" 827
"E:/Documents/Projets/Games/MiniGameCollection/Content/Assets/BomberGame/Fumes/spritesheet_smoke_whisp_fumes_14.uasset" 828
"E:/Documents/Projets/Games/MiniGameCollection/Content/Assets/BomberGame/Fumes/spritesheet_smoke_whisp_fumes_14.uexp" 829
"E:/Documents/Projets/Games/MiniGameCollection/Content/Assets/BomberGame/Fumes/spritesheet_smoke_whisp_fumes_15.uasset" 830
"E:/Documents/Projets/Games/MiniGameCollection/Content/Assets/BomberGame/Fumes/spritesheet_smoke_whisp_fumes_15.uexp" 831
"E:/Documents/Projets/Games/MiniGameCollection/Content/Assets/BomberGame/Fumes/spritesheet_smoke_whisp_fumes_16.uasset" 832
"E:/Documents/Projets/Games/MiniGameCollection/Content/Assets/BomberGame/Fumes/spritesheet_smoke_whisp_fumes_16.uexp" 833
"E:/Documents/Projets/Games/MiniGameCollection/Content/Assets/BomberGame/Fumes/spritesheet_smoke_whisp_fumes_17.uasset" 834
"E:/Documents/Projets/Games/MiniGameCollection/Content/Assets/BomberGame/Fumes/spritesheet_smoke_whisp_fumes_17.uexp" 835
"E:/Documents/Projets/Games/MiniGameCollection/Content/Assets/BomberGame/Fumes/spritesheet_smoke_whisp_fumes_18.uasset" 836
"E:/Documents/Projets/Games/MiniGameCollection/Content/Assets/BomberGame/Fumes/spritesheet_smoke_whisp_fumes_18.uexp" 837
"E:/Documents/Projets/Games/MiniGameCollection/Content/Assets/BomberGame/Fumes/spritesheet_smoke_whisp_fumes_19.uasset" 838
"E:/Documents/Projets/Games/MiniGameCollection/Content/Assets/BomberGame/Fumes/spritesheet_smoke_whisp_fumes_19.uexp" 839
"E:/Documents/Projets/Games/MiniGameCollection/Content/Assets/BomberGame/Fumes/spritesheet_smoke_whisp_fumes_20.uasset" 840
"E:/Documents/Projets/Games/MiniGameCollection/Content/Assets/BomberGame/Fumes/spritesheet_smoke_whisp_fumes_20.uexp" 841
"E:/Documents/Projets/Games/MiniGameCollection/Content/Assets/BomberGame/Fumes/spritesheet_smoke_whisp_fumes_21.uasset" 842
"E:/Documents/Projets/Games/MiniGameCollection/Content/Assets/BomberGame/Fumes/spritesheet_smoke_whisp_fumes_21.uexp" 843
"E:/Documents/Projets/Games/MiniGameCollection/Content/Assets/BomberGame/Fumes/spritesheet_smoke_whisp_fumes_22.uasset" 844
"E:/Documents/Projets/Games/MiniGameCollection/Content/Assets/BomberGame/Fumes/spritesheet_smoke_whisp_fumes_22.uexp" 845
"E:/Documents/Projets/Games/MiniGameCollection/Content/Assets/BomberGame/Fumes/spritesheet_smoke_whisp_fumes_23.uasset" 846
"E:/Documents/Projets/Games/MiniGameCollection/Content/Assets/BomberGame/Fumes/spritesheet_smoke_whisp_fumes_23.uexp" 847
"E:/Documents/Projets/Games/MiniGameCollection/Content/Assets/BomberGame/Fumes/spritesheet_smoke_whisp_fumes_24.uasset" 848
"E:/Documents/Projets/Games/MiniGameCollection/Content/Assets/BomberGame/Fumes/spritesheet_smoke_whisp_fumes_24.uexp" 849
"E:/Documents/Projets/Games/MiniGameCollection/Content/Assets/BomberGame/Fumes/spritesheet_smoke_whisp_fumes_25.uasset" 850
"E:/Documents/Projets/Games/MiniGameCollection/Content/Assets/BomberGame/Fumes/spritesheet_smoke_whisp_fumes_25.uexp" 851
"E:/Documents/Projets/Games/MiniGameCollection/Content/Assets/BomberGame/Fumes/spritesheet_smoke_whisp_fumes_26.uasset" 852
"E:/Documents/Projets/Games/MiniGameCollection/Content/Assets/BomberGame/Fumes/spritesheet_smoke_whisp_fumes_26.uexp" 853
"E:/Documents/Projets/Games/MiniGameCollection/Content/Assets/BomberGame/Fumes/Fumes_FB.uasset" 854
"E:/Documents/Projets/Games/MiniGameCollection/Content/Assets/BomberGame/Fumes/Fumes_FB.uexp" 855
"E:/Documents/Projets/Games/MiniGameCollection/Content/Blueprints/BomberGame/Fumes.uasset" 856
"E:/Documents/Projets/Games/MiniGameCollection/Content/Blueprints/BomberGame/Fumes.uexp" 857
"../../../Engine/Content/BasicShapes/BasicShapeMaterial.uasset" 858
"../../../Engine/Content/BasicShapes/BasicShapeMaterial.uexp" 859
"E:/Documents/Projets/Games/MiniGameCollection/Content/Assets/BomberGame/Planes/propeller/propeller_nose_cone_white_03.uasset" 860
"E:/Documents/Projets/Games/MiniGameCollection/Content/Assets/BomberGame/Planes/propeller/propeller_nose_cone_white_03.uexp" 861
"E:/Documents/Projets/Games/MiniGameCollection/Content/Assets/BomberGame/Planes/propeller/propeller_nose_cone_white_03_Sprite.uasset" 862
"E:/Documents/Projets/Games/MiniGameCollection/Content/Assets/BomberGame/Planes/propeller/propeller_nose_cone_white_03_Sprite.uexp" 863
"E:/Documents/Projets/Games/MiniGameCollection/Content/Assets/BomberGame/Planes/propeller/propeller_nose_cone_white_02.uasset" 864
"E:/Documents/Projets/Games/MiniGameCollection/Content/Assets/BomberGame/Planes/propeller/propeller_nose_cone_white_02.uexp" 865
"E:/Documents/Projets/Games/MiniGameCollection/Content/Assets/BomberGame/Planes/propeller/propeller_nose_cone_white_02_Sprite.uasset" 866
"E:/Documents/Projets/Games/MiniGameCollection/Content/Assets/BomberGame/Planes/propeller/propeller_nose_cone_white_02_Sprite.uexp" 867
"E:/Documents/Projets/Games/MiniGameCollection/Content/Assets/BomberGame/Planes/propeller/propeller_nose_cone_white_01.uasset" 868
"E:/Documents/Projets/Games/MiniGameCollection/Content/Assets/BomberGame/Planes/propeller/propeller_nose_cone_white_01.uexp" 869
"E:/Documents/Projets/Games/MiniGameCollection/Content/Assets/BomberGame/Planes/propeller/propeller_nose_cone_white_01_Sprite.uasset" 870
"E:/Documents/Projets/Games/MiniGameCollection/Content/Assets/BomberGame/Planes/propeller/propeller_nose_cone_white_01_Sprite.uexp" 871
"E:/Documents/Projets/Games/MiniGameCollection/Content/Assets/BomberGame/Planes/propeller/Propeller.uasset" 872
"E:/Documents/Projets/Games/MiniGameCollection/Content/Assets/BomberGame/Planes/propeller/Propeller.uexp" 873
"E:/Documents/Projets/Games/MiniGameCollection/Content/Assets/BomberGame/Planes/stealth_Sprite.uasset" 874
"E:/Documents/Projets/Games/MiniGameCollection/Content/Assets/BomberGame/Planes/stealth_Sprite.uexp" 875
"E:/Documents/Projets/Games/MiniGameCollection/Content/Assets/BomberGame/Planes/fighter_jet_dark_Sprite.uasset" 876
"E:/Documents/Projets/Games/MiniGameCollection/Content/Assets/BomberGame/Planes/fighter_jet_dark_Sprite.uexp" 877
"E:/Documents/Projets/Games/MiniGameCollection/Content/Assets/BomberGame/Planes/fighter_Sprite.uasset" 878
"E:/Documents/Projets/Games/MiniGameCollection/Content/Assets/BomberGame/Planes/fighter_Sprite.uexp" 879
"E:/Documents/Projets/Games/MiniGameCollection/Content/Assets/BomberGame/Planes/warbird_Sprite.uasset" 880
"E:/Documents/Projets/Games/MiniGameCollection/Content/Assets/BomberGame/Planes/warbird_Sprite.uexp" 881
"E:/Documents/Projets/Games/MiniGameCollection/Content/Blueprints/BomberGame/Wall.uasset" 882
"E:/Documents/Projets/Games/MiniGameCollection/Content/Blueprints/BomberGame/Wall.uexp" 883
"E:/Documents/Projets/Games/MiniGameCollection/Content/Assets/BomberGame/Tank/left-2.uasset" 884
"E:/Documents/Projets/Games/MiniGameCollection/Content/Assets/BomberGame/Tank/left-2.uexp" 885
"E:/Documents/Projets/Games/MiniGameCollection/Content/Assets/BomberGame/Tank/left-2_Sprite.uasset" 886
"E:/Documents/Projets/Games/MiniGameCollection/Content/Assets/BomberGame/Tank/left-2_Sprite.uexp" 887
"E:/Documents/Projets/Games/MiniGameCollection/Content/Assets/BomberGame/Tank/left-4.uasset" 888
"E:/Documents/Projets/Games/MiniGameCollection/Content/Assets/BomberGame/Tank/left-4.uexp" 889
"E:/Documents/Projets/Games/MiniGameCollection/Content/Assets/BomberGame/Tank/left-4_Sprite.uasset" 890
"E:/Documents/Projets/Games/MiniGameCollection/Content/Assets/BomberGame/Tank/left-4_Sprite.uexp" 891
"E:/Documents/Projets/Games/MiniGameCollection/Content/Assets/BomberGame/Tank/left-1.uasset" 892
"E:/Documents/Projets/Games/MiniGameCollection/Content/Assets/BomberGame/Tank/left-1.uexp" 893
"E:/Documents/Projets/Games/MiniGameCollection/Content/Assets/BomberGame/Tank/left-1_Sprite.uasset" 894
"E:/Documents/Projets/Games/MiniGameCollection/Content/Assets/BomberGame/Tank/left-1_Sprite.uexp" 895
"E:/Documents/Projets/Games/MiniGameCollection/Content/Assets/BomberGame/Tank/left-3.uasset" 896
"E:/Documents/Projets/Games/MiniGameCollection/Content/Assets/BomberGame/Tank/left-3.uexp" 897
"E:/Documents/Projets/Games/MiniGameCollection/Content/Assets/BomberGame/Tank/left-3_Sprite.uasset" 898
"E:/Documents/Projets/Games/MiniGameCollection/Content/Assets/BomberGame/Tank/left-3_Sprite.uexp" 899
"E:/Documents/Projets/Games/MiniGameCollection/Content/Assets/BomberGame/Tank/tank.uasset" 900
"E:/Documents/Projets/Games/MiniGameCollection/Content/Assets/BomberGame/Tank/tank.uexp" 901
"E:/Documents/Projets/Games/MiniGameCollection/Content/Blueprints/BomberGame/Tank.uasset" 902
"E:/Documents/Projets/Games/MiniGameCollection/Content/Blueprints/BomberGame/Tank.uexp" 903
"E:/Documents/Projets/Games/MiniGameCollection/Content/Assets/BomberGame/Planes/biplane.uasset" 904
"E:/Documents/Projets/Games/MiniGameCollection/Content/Assets/BomberGame/Planes/biplane.uexp" 905
"E:/Documents/Projets/Games/MiniGameCollection/Content/Assets/BomberGame/Planes/biplane_Sprite.uasset" 906
"E:/Documents/Projets/Games/MiniGameCollection/Content/Assets/BomberGame/Planes/biplane_Sprite.uexp" 907
"E:/Documents/Projets/Games/MiniGameCollection/Content/Assets/BomberGame/Planes/stunt_plane.uasset" 908
"E:/Documents/Projets/Games/MiniGameCollection/Content/Assets/BomberGame/Planes/stunt_plane.uexp" 909
"E:/Documents/Projets/Games/MiniGameCollection/Content/Assets/BomberGame/Planes/stunt_plane_Sprite.uasset" 910
"E:/Documents/Projets/Games/MiniGameCollection/Content/Assets/BomberGame/Planes/stunt_plane_Sprite.uexp" 911
"E:/Documents/Projets/Games/MiniGameCollection/Content/Assets/BomberGame/Clouds/CLOUDSsprite.uasset" 912
"E:/Documents/Projets/Games/MiniGameCollection/Content/Assets/BomberGame/Clouds/CLOUDSsprite.uexp" 913
"E:/Documents/Projets/Games/MiniGameCollection/Content/Assets/BomberGame/Clouds/Cloud3.uasset" 914
"E:/Documents/Projets/Games/MiniGameCollection/Content/Assets/BomberGame/Clouds/Cloud3.uexp" 915
"E:/Documents/Projets/Games/MiniGameCollection/Content/Assets/BomberGame/Clouds/Cloud2.uasset" 916
"E:/Documents/Projets/Games/MiniGameCollection/Content/Assets/BomberGame/Clouds/Cloud2.uexp" 917
"E:/Documents/Projets/Games/MiniGameCollection/Content/Assets/BomberGame/Clouds/Cloud1.uasset" 918
"E:/Documents/Projets/Games/MiniGameCollection/Content/Assets/BomberGame/Clouds/Cloud1.uexp" 919
"E:/Documents/Projets/Games/MiniGameCollection/Content/Blueprints/BomberGame/Cloud.uasset" 920
"E:/Documents/Projets/Games/MiniGameCollection/Content/Blueprints/BomberGame/Cloud.uexp" 921
"E:/Documents/Projets/Games/MiniGameCollection/Content/Blueprints/BomberGame/SeaGround.uasset" 922
"E:/Documents/Projets/Games/MiniGameCollection/Content/Blueprints/BomberGame/SeaGround.uexp" 923
"E:/Documents/Projets/Games/MiniGameCollection/Content/Assets/BomberGame/Bombs/torpedo.uasset" 924
"E:/Documents/Projets/Games/MiniGameCollection/Content/Assets/BomberGame/Bombs/torpedo.uexp" 925
"E:/Documents/Projets/Games/MiniGameCollection/Content/Assets/BomberGame/Bombs/bomb_sprite.uasset" 926
"E:/Documents/Projets/Games/MiniGameCollection/Content/Assets/BomberGame/Bombs/bomb_sprite.uexp" 927
"E:/Documents/Projets/Games/MiniGameCollection/Content/Assets/BomberGame/Explosion/explosion_08.uasset" 928
"E:/Documents/Projets/Games/MiniGameCollection/Content/Assets/BomberGame/Explosion/explosion_08.uexp" 929
"E:/Documents/Projets/Games/MiniGameCollection/Content/Assets/BomberGame/Explosion/explosion_08_Sprite.uasset" 930
"E:/Documents/Projets/Games/MiniGameCollection/Content/Assets/BomberGame/Explosion/explosion_08_Sprite.uexp" 931
"E:/Documents/Projets/Games/MiniGameCollection/Content/Assets/BomberGame/Explosion/explosion_02.uasset" 932
"E:/Documents/Projets/Games/MiniGameCollection/Content/Assets/BomberGame/Explosion/explosion_02.uexp" 933
"E:/Documents/Projets/Games/MiniGameCollection/Content/Assets/BomberGame/Explosion/explosion_02_Sprite.uasset" 934
"E:/Documents/Projets/Games/MiniGameCollection/Content/Assets/BomberGame/Explosion/explosion_02_Sprite.uexp" 935
"E:/Documents/Projets/Games/MiniGameCollection/Content/Assets/BomberGame/Explosion/explosion_04.uasset" 936
"E:/Documents/Projets/Games/MiniGameCollection/Content/Assets/BomberGame/Explosion/explosion_04.uexp" 937
"E:/Documents/Projets/Games/MiniGameCollection/Content/Assets/BomberGame/Explosion/explosion_04_Sprite.uasset" 938
"E:/Documents/Projets/Games/MiniGameCollection/Content/Assets/BomberGame/Explosion/explosion_04_Sprite.uexp" 939
"E:/Documents/Projets/Games/MiniGameCollection/Content/Assets/BomberGame/Explosion/explosion_06.uasset" 940
"E:/Documents/Projets/Games/MiniGameCollection/Content/Assets/BomberGame/Explosion/explosion_06.uexp" 941
"E:/Documents/Projets/Games/MiniGameCollection/Content/Assets/BomberGame/Explosion/explosion_06_Sprite.uasset" 942
"E:/Documents/Projets/Games/MiniGameCollection/Content/Assets/BomberGame/Explosion/explosion_06_Sprite.uexp" 943
"E:/Documents/Projets/Games/MiniGameCollection/Content/Assets/BomberGame/Explosion/explosion_01.uasset" 944
"E:/Documents/Projets/Games/MiniGameCollection/Content/Assets/BomberGame/Explosion/explosion_01.uexp" 945
"E:/Documents/Projets/Games/MiniGameCollection/Content/Assets/BomberGame/Explosion/explosion_01_Sprite.uasset" 946
"E:/Documents/Projets/Games/MiniGameCollection/Content/Assets/BomberGame/Explosion/explosion_01_Sprite.uexp" 947
"E:/Documents/Projets/Games/MiniGameCollection/Content/Assets/BomberGame/Explosion/explosion_09.uasset" 948
"E:/Documents/Projets/Games/MiniGameCollection/Content/Assets/BomberGame/Explosion/explosion_09.uexp" 949
"E:/Documents/Projets/Games/MiniGameCollection/Content/Assets/BomberGame/Explosion/explosion_09_Sprite.uasset" 950
"E:/Documents/Projets/Games/MiniGameCollection/Content/Assets/BomberGame/Explosion/explosion_09_Sprite.uexp" 951
"E:/Documents/Projets/Games/MiniGameCollection/Content/Assets/BomberGame/Explosion/explosion_03.uasset" 952
"E:/Documents/Projets/Games/MiniGameCollection/Content/Assets/BomberGame/Explosion/explosion_03.uexp" 953
"E:/Documents/Projets/Games/MiniGameCollection/Content/Assets/BomberGame/Explosion/explosion_03_Sprite.uasset" 954
"E:/Documents/Projets/Games/MiniGameCollection/Content/Assets/BomberGame/Explosion/explosion_03_Sprite.uexp" 955
"E:/Documents/Projets/Games/MiniGameCollection/Content/Assets/BomberGame/Explosion/explosion_05.uasset" 956
"E:/Documents/Projets/Games/MiniGameCollection/Content/Assets/BomberGame/Explosion/explosion_05.uexp" 957
"E:/Documents/Projets/Games/MiniGameCollection/Content/Assets/BomberGame/Explosion/explosion_05_Sprite.uasset" 958
"E:/Documents/Projets/Games/MiniGameCollection/Content/Assets/BomberGame/Explosion/explosion_05_Sprite.uexp" 959
"E:/Documents/Projets/Games/MiniGameCollection/Content/Assets/BomberGame/Explosion/explosion_07.uasset" 960
"E:/Documents/Projets/Games/MiniGameCollection/Content/Assets/BomberGame/Explosion/explosion_07.uexp" 961
"E:/Documents/Projets/Games/MiniGameCollection/Content/Assets/BomberGame/Explosion/explosion_07_Sprite.uasset" 962
"E:/Documents/Projets/Games/MiniGameCollection/Content/Assets/BomberGame/Explosion/explosion_07_Sprite.uexp" 963
"E:/Documents/Projets/Games/MiniGameCollection/Content/Assets/BomberGame/Explosion/explosion.uasset" 964
"E:/Documents/Projets/Games/MiniGameCollection/Content/Assets/BomberGame/Explosion/explosion.uexp" 965
"E:/Documents/Projets/Games/MiniGameCollection/Content/Assets/BomberGame/Explosion/WaterExplosion/up_splash_08.uasset" 966
"E:/Documents/Projets/Games/MiniGameCollection/Content/Assets/BomberGame/Explosion/WaterExplosion/up_splash_08.uexp" 967
"E:/Documents/Projets/Games/MiniGameCollection/Content/Assets/BomberGame/Explosion/WaterExplosion/up_splash_09_Sprite.uasset" 968
"E:/Documents/Projets/Games/MiniGameCollection/Content/Assets/BomberGame/Explosion/WaterExplosion/up_splash_09_Sprite.uexp" 969
"E:/Documents/Projets/Games/MiniGameCollection/Content/Assets/BomberGame/Explosion/WaterExplosion/up_splash_03.uasset" 970
"E:/Documents/Projets/Games/MiniGameCollection/Content/Assets/BomberGame/Explosion/WaterExplosion/up_splash_03.uexp" 971
"E:/Documents/Projets/Games/MiniGameCollection/Content/Assets/BomberGame/Explosion/WaterExplosion/up_splash_03_Sprite.uasset" 972
"E:/Documents/Projets/Games/MiniGameCollection/Content/Assets/BomberGame/Explosion/WaterExplosion/up_splash_03_Sprite.uexp" 973
"E:/Documents/Projets/Games/MiniGameCollection/Content/Assets/BomberGame/Explosion/WaterExplosion/up_splash_06.uasset" 974
"E:/Documents/Projets/Games/MiniGameCollection/Content/Assets/BomberGame/Explosion/WaterExplosion/up_splash_06.uexp" 975
"E:/Documents/Projets/Games/MiniGameCollection/Content/Assets/BomberGame/Explosion/WaterExplosion/up_splash_06_Sprite.uasset" 976
"E:/Documents/Projets/Games/MiniGameCollection/Content/Assets/BomberGame/Explosion/WaterExplosion/up_splash_06_Sprite.uexp" 977
"E:/Documents/Projets/Games/MiniGameCollection/Content/Assets/BomberGame/Explosion/WaterExplosion/up_splash_02.uasset" 978
"E:/Documents/Projets/Games/MiniGameCollection/Content/Assets/BomberGame/Explosion/WaterExplosion/up_splash_02.uexp" 979
"E:/Documents/Projets/Games/MiniGameCollection/Content/Assets/BomberGame/Explosion/WaterExplosion/up_splash_02_Sprite.uasset" 980
"E:/Documents/Projets/Games/MiniGameCollection/Content/Assets/BomberGame/Explosion/WaterExplosion/up_splash_02_Sprite.uexp" 981
"E:/Documents/Projets/Games/MiniGameCollection/Content/Assets/BomberGame/Explosion/WaterExplosion/up_splash_04.uasset" 982
"E:/Documents/Projets/Games/MiniGameCollection/Content/Assets/BomberGame/Explosion/WaterExplosion/up_splash_04.uexp" 983
"E:/Documents/Projets/Games/MiniGameCollection/Content/Assets/BomberGame/Explosion/WaterExplosion/up_splash_04_Sprite.uasset" 984
"E:/Documents/Projets/Games/MiniGameCollection/Content/Assets/BomberGame/Explosion/WaterExplosion/up_splash_04_Sprite.uexp" 985
"E:/Documents/Projets/Games/MiniGameCollection/Content/Assets/BomberGame/Explosion/WaterExplosion/up_splash_01.uasset" 986
"E:/Documents/Projets/Games/MiniGameCollection/Content/Assets/BomberGame/Explosion/WaterExplosion/up_splash_01.uexp" 987
"E:/Documents/Projets/Games/MiniGameCollection/Content/Assets/BomberGame/Explosion/WaterExplosion/up_splash_01_Sprite.uasset" 988
"E:/Documents/Projets/Games/MiniGameCollection/Content/Assets/BomberGame/Explosion/WaterExplosion/up_splash_01_Sprite.uexp" 989
"E:/Documents/Projets/Games/MiniGameCollection/Content/Assets/BomberGame/Explosion/WaterExplosion/up_splash_05.uasset" 990
"E:/Documents/Projets/Games/MiniGameCollection/Content/Assets/BomberGame/Explosion/WaterExplosion/up_splash_05.uexp" 991
"E:/Documents/Projets/Games/MiniGameCollection/Content/Assets/BomberGame/Explosion/WaterExplosion/up_splash_05_Sprite.uasset" 992
"E:/Documents/Projets/Games/MiniGameCollection/Content/Assets/BomberGame/Explosion/WaterExplosion/up_splash_05_Sprite.uexp" 993
"E:/Documents/Projets/Games/MiniGameCollection/Content/Assets/BomberGame/Explosion/WaterExplosion/up_splash_08_Sprite.uasset" 994
"E:/Documents/Projets/Games/MiniGameCollection/Content/Assets/BomberGame/Explosion/WaterExplosion/up_splash_08_Sprite.uexp" 995
"E:/Documents/Projets/Games/MiniGameCollection/Content/Assets/BomberGame/Explosion/WaterExplosion/up_splash_07.uasset" 996
"E:/Documents/Projets/Games/MiniGameCollection/Content/Assets/BomberGame/Explosion/WaterExplosion/up_splash_07.uexp" 997
"E:/Documents/Projets/Games/MiniGameCollection/Content/Assets/BomberGame/Explosion/WaterExplosion/up_splash_07_Sprite.uasset" 998
"E:/Documents/Projets/Games/MiniGameCollection/Content/Assets/BomberGame/Explosion/WaterExplosion/up_splash_07_Sprite.uexp" 999
"E:/Documents/Projets/Games/MiniGameCollection/Content/Assets/BomberGame/Explosion/WaterExplosion/Splash.uasset" 1000
"E:/Documents/Projets/Games/MiniGameCollection/Content/Assets/BomberGame/Explosion/WaterExplosion/Splash.uexp" 1001
"E:/Documents/Projets/Games/MiniGameCollection/Content/Assets/Sounds/boom3.ubulk" 1002
"E:/Documents/Projets/Games/MiniGameCollection/Content/Assets/Sounds/boom3.uasset" 1003
"E:/Documents/Projets/Games/MiniGameCollection/Content/Assets/Sounds/boom3.uexp" 1004
"E:/Documents/Projets/Games/MiniGameCollection/Content/Assets/Sounds/boom2.ubulk" 1005
"E:/Documents/Projets/Games/MiniGameCollection/Content/Assets/Sounds/boom2.uasset" 1006
"E:/Documents/Projets/Games/MiniGameCollection/Content/Assets/Sounds/boom2.uexp" 1007
"E:/Documents/Projets/Games/MiniGameCollection/Content/Assets/Sounds/boom1.ubulk" 1008
"E:/Documents/Projets/Games/MiniGameCollection/Content/Assets/Sounds/boom1.uasset" 1009
"E:/Documents/Projets/Games/MiniGameCollection/Content/Assets/Sounds/boom1.uexp" 1010
"E:/Documents/Projets/Games/MiniGameCollection/Content/Blueprints/BomberGame/Bomb.uasset" 1011
"E:/Documents/Projets/Games/MiniGameCollection/Content/Blueprints/BomberGame/Bomb.uexp" 1012
"E:/Documents/Projets/Games/MiniGameCollection/Content/Assets/Sounds/boom4.ubulk" 1013
"E:/Documents/Projets/Games/MiniGameCollection/Content/Assets/Sounds/boom4.uasset" 1014
"E:/Documents/Projets/Games/MiniGameCollection/Content/Assets/Sounds/boom4.uexp" 1015
"E:/Documents/Projets/Games/MiniGameCollection/Content/Blueprints/BomberGame/Bomber.uasset" 1016
"E:/Documents/Projets/Games/MiniGameCollection/Content/Blueprints/BomberGame/Bomber.uexp" 1017
"E:/Documents/Projets/Games/MiniGameCollection/Content/Blueprints/BomberGame/Ground.uasset" 1018
"E:/Documents/Projets/Games/MiniGameCollection/Content/Blueprints/BomberGame/Ground.uexp" 1019
"E:/Documents/Projets/Games/MiniGameCollection/Content/Blueprints/BomberGame/Chute.uasset" 1020
"E:/Documents/Projets/Games/MiniGameCollection/Content/Blueprints/BomberGame/Chute.uexp" 1021
"E:/Documents/Projets/Games/MiniGameCollection/Content/Blueprints/BomberGame/HighGround.uasset" 1022
"E:/Documents/Projets/Games/MiniGameCollection/Content/Blueprints/BomberGame/HighGround.uexp" 1023
"E:/Documents/Projets/Games/MiniGameCollection/Content/Blueprints/UltraGame/Explosion.uasset" 1024
"E:/Documents/Projets/Games/MiniGameCollection/Content/Blueprints/UltraGame/Explosion.uexp" 1025
"E:/Documents/Projets/Games/MiniGameCollection/Content/Blueprints/UltraGame/UltraBomb.uasset" 1026
"E:/Documents/Projets/Games/MiniGameCollection/Content/Blueprints/UltraGame/UltraBomb.uexp" 1027
"E:/Documents/Projets/Games/MiniGameCollection/Content/Blueprints/UltraGame/UltraBomber.uasset" 1028
"E:/Documents/Projets/Games/MiniGameCollection/Content/Blueprints/UltraGame/UltraBomber.uexp" 1029
"E:/Documents/Projets/Games/MiniGameCollection/Content/Blueprints/CollectionSave.uasset" 1030
"E:/Documents/Projets/Games/MiniGameCollection/Content/Blueprints/CollectionSave.uexp" 1031
"E:/Documents/Projets/Games/MiniGameCollection/Content/Blueprints/MiniGameInstance.uasset" 1032
"E:/Documents/Projets/Games/MiniGameCollection/Content/Blueprints/MiniGameInstance.uexp" 1033
"E:/Documents/Projets/Games/MiniGameCollection/Content/Assets/BomberGame/Planes/static-biplane.uasset" 1034
"E:/Documents/Projets/Games/MiniGameCollection/Content/Assets/BomberGame/Planes/static-biplane.uexp" 1035
"E:/Documents/Projets/Games/MiniGameCollection/Content/Assets/Sounds/clic.ubulk" 1036
"E:/Documents/Projets/Games/MiniGameCollection/Content/Assets/Sounds/clic.uasset" 1037
"E:/Documents/Projets/Games/MiniGameCollection/Content/Assets/Sounds/clic.uexp" 1038
"E:/Documents/Projets/Games/MiniGameCollection/Content/UI/ProgressionMenu.uasset" 1039
"E:/Documents/Projets/Games/MiniGameCollection/Content/UI/ProgressionMenu.uexp" 1040
"E:/Documents/Projets/Games/MiniGameCollection/Content/Assets/BomberGame/planedesert.uasset" 1041
"E:/Documents/Projets/Games/MiniGameCollection/Content/Assets/BomberGame/planedesert.uexp" 1042
"E:/Documents/Projets/Games/MiniGameCollection/Content/UI/MainMenu.uasset" 1043
"E:/Documents/Projets/Games/MiniGameCollection/Content/UI/MainMenu.uexp" 1044
"E:/Documents/Projets/Games/MiniGameCollection/Content/Maps/MainMenu.uexp" 1045
"E:/Documents/Projets/Games/MiniGameCollection/Content/Maps/MainMenu.umap" 1046
